[2025-09-09T12:00:00.436+0000] {manager.py:487} INFO - Processing files using up to 2 processes at a time 
[2025-09-09T12:00:00.436+0000] {manager.py:488} INFO - Process each file at most once every 30 seconds
[2025-09-09T12:00:00.436+0000] {manager.py:489} INFO - Checking for new files in /opt/airflow/dags every 300 seconds
[2025-09-09T12:00:00.437+0000] {manager.py:759} INFO - Searching for files in /opt/airflow/dags
[2025-09-09T12:00:00.437+0000] {manager.py:762} INFO - There are 0 files in /opt/airflow/dags
[2025-09-09T12:05:00.895+0000] {manager.py:759} INFO - Searching for files in /opt/airflow/dags
[2025-09-09T12:05:00.898+0000] {manager.py:762} INFO - There are 0 files in /opt/airflow/dags
[2025-09-09T12:06:18.042+0000] {manager.py:487} INFO - Processing files using up to 2 processes at a time 
[2025-09-09T12:06:18.043+0000] {manager.py:488} INFO - Process each file at most once every 30 seconds
[2025-09-09T12:06:18.043+0000] {manager.py:489} INFO - Checking for new files in /opt/airflow/dags every 300 seconds
[2025-09-09T12:06:18.043+0000] {manager.py:759} INFO - Searching for files in /opt/airflow/dags
[2025-09-09T12:06:18.044+0000] {manager.py:762} INFO - There are 0 files in /opt/airflow/dags
[2025-09-09T12:11:18.571+0000] {manager.py:759} INFO - Searching for files in /opt/airflow/dags
[2025-09-09T12:11:18.573+0000] {manager.py:762} INFO - There are 0 files in /opt/airflow/dags
[2025-09-09T12:12:13.837+0000] {manager.py:487} INFO - Processing files using up to 2 processes at a time 
[2025-09-09T12:12:13.837+0000] {manager.py:488} INFO - Process each file at most once every 30 seconds
[2025-09-09T12:12:13.837+0000] {manager.py:489} INFO - Checking for new files in /opt/airflow/dags every 300 seconds
[2025-09-09T12:12:13.837+0000] {manager.py:759} INFO - Searching for files in /opt/airflow/dags
[2025-09-09T12:12:13.838+0000] {manager.py:762} INFO - There are 0 files in /opt/airflow/dags
[2025-09-09T12:17:14.673+0000] {manager.py:759} INFO - Searching for files in /opt/airflow/dags
[2025-09-09T12:17:14.677+0000] {manager.py:762} INFO - There are 0 files in /opt/airflow/dags
[2025-09-09T12:22:11.590+0000] {manager.py:487} INFO - Processing files using up to 2 processes at a time 
[2025-09-09T12:22:11.607+0000] {manager.py:488} INFO - Process each file at most once every 30 seconds
[2025-09-09T12:22:11.607+0000] {manager.py:489} INFO - Checking for new files in /opt/airflow/dags every 300 seconds
[2025-09-09T12:22:11.608+0000] {manager.py:759} INFO - Searching for files in /opt/airflow/dags
[2025-09-09T12:22:11.610+0000] {manager.py:762} INFO - There are 0 files in /opt/airflow/dags
[2025-09-09T12:27:12.379+0000] {manager.py:759} INFO - Searching for files in /opt/airflow/dags
[2025-09-09T12:27:12.381+0000] {manager.py:762} INFO - There are 0 files in /opt/airflow/dags
[2025-09-09T12:32:12.552+0000] {manager.py:759} INFO - Searching for files in /opt/airflow/dags
[2025-09-09T12:32:12.559+0000] {manager.py:762} INFO - There are 0 files in /opt/airflow/dags
[2025-09-09T12:37:12.946+0000] {manager.py:759} INFO - Searching for files in /opt/airflow/dags
[2025-09-09T12:37:12.952+0000] {manager.py:762} INFO - There are 0 files in /opt/airflow/dags
[2025-09-09T12:42:13.162+0000] {manager.py:759} INFO - Searching for files in /opt/airflow/dags
[2025-09-09T12:42:13.168+0000] {manager.py:762} INFO - There are 0 files in /opt/airflow/dags
[2025-09-09T12:47:13.967+0000] {manager.py:759} INFO - Searching for files in /opt/airflow/dags
[2025-09-09T12:47:13.969+0000] {manager.py:762} INFO - There are 0 files in /opt/airflow/dags
[2025-09-09T12:52:14.164+0000] {manager.py:759} INFO - Searching for files in /opt/airflow/dags
[2025-09-09T12:52:14.173+0000] {manager.py:762} INFO - There are 1 files in /opt/airflow/dags
[2025-09-09T12:52:23.402+0000] {manager.py:893} INFO - 
================================================================================
DAG File Processing Stats

File Path                              PID    Runtime      # DAGs    # Errors  Last Runtime    Last Run
-------------------------------------  -----  ---------  --------  ----------  --------------  -------------------
/opt/airflow/dags/dbt_workflow_dag.py                           1           0  0.25s           2025-09-09T12:52:14
================================================================================
[2025-09-09T12:52:53.835+0000] {manager.py:893} INFO - 
================================================================================
DAG File Processing Stats

File Path                              PID    Runtime      # DAGs    # Errors  Last Runtime    Last Run
-------------------------------------  -----  ---------  --------  ----------  --------------  -------------------
/opt/airflow/dags/dbt_workflow_dag.py                           1           0  0.13s           2025-09-09T12:52:44
================================================================================
[2025-09-09T12:53:24.225+0000] {manager.py:893} INFO - 
================================================================================
DAG File Processing Stats

File Path                              PID    Runtime      # DAGs    # Errors  Last Runtime    Last Run
-------------------------------------  -----  ---------  --------  ----------  --------------  -------------------
/opt/airflow/dags/dbt_workflow_dag.py                           1           0  0.13s           2025-09-09T12:53:15
================================================================================
[2025-09-09T12:53:54.607+0000] {manager.py:893} INFO - 
================================================================================
DAG File Processing Stats

File Path                              PID    Runtime      # DAGs    # Errors  Last Runtime    Last Run
-------------------------------------  -----  ---------  --------  ----------  --------------  -------------------
/opt/airflow/dags/dbt_workflow_dag.py                           1           0  0.13s           2025-09-09T12:53:45
================================================================================
[2025-09-09T12:54:16.396+0000] {manager.py:487} INFO - Processing files using up to 2 processes at a time 
[2025-09-09T12:54:16.396+0000] {manager.py:488} INFO - Process each file at most once every 30 seconds
[2025-09-09T12:54:16.396+0000] {manager.py:489} INFO - Checking for new files in /opt/airflow/dags every 300 seconds
[2025-09-09T12:54:16.396+0000] {manager.py:759} INFO - Searching for files in /opt/airflow/dags
[2025-09-09T12:54:16.398+0000] {manager.py:762} INFO - There are 1 files in /opt/airflow/dags
[2025-09-09T12:54:16.444+0000] {manager.py:893} INFO - 
================================================================================
DAG File Processing Stats

File Path                                PID  Runtime      # DAGs    # Errors  Last Runtime    Last Run
-------------------------------------  -----  ---------  --------  ----------  --------------  ----------
/opt/airflow/dags/dbt_workflow_dag.py    754  0.02s             0           0
================================================================================
[2025-09-09T12:54:24.998+0000] {manager.py:893} INFO - 
================================================================================
DAG File Processing Stats

File Path                              PID    Runtime      # DAGs    # Errors  Last Runtime    Last Run
-------------------------------------  -----  ---------  --------  ----------  --------------  -------------------
/opt/airflow/dags/dbt_workflow_dag.py                           1           0  0.07s           2025-09-09T12:54:15
================================================================================
[2025-09-09T12:54:46.761+0000] {manager.py:893} INFO - 
================================================================================
DAG File Processing Stats

File Path                                PID  Runtime      # DAGs    # Errors  Last Runtime    Last Run
-------------------------------------  -----  ---------  --------  ----------  --------------  -------------------
/opt/airflow/dags/dbt_workflow_dag.py    759  0.01s             1           0  0.06s           2025-09-09T12:54:16
================================================================================
[2025-09-09T12:54:55.427+0000] {manager.py:893} INFO - 
================================================================================
DAG File Processing Stats

File Path                              PID    Runtime      # DAGs    # Errors  Last Runtime    Last Run
-------------------------------------  -----  ---------  --------  ----------  --------------  -------------------
/opt/airflow/dags/dbt_workflow_dag.py                           1           0  0.11s           2025-09-09T12:54:46
================================================================================
[2025-09-09T12:55:17.105+0000] {manager.py:893} INFO - 
================================================================================
DAG File Processing Stats

File Path                                PID  Runtime      # DAGs    # Errors  Last Runtime    Last Run
-------------------------------------  -----  ---------  --------  ----------  --------------  -------------------
/opt/airflow/dags/dbt_workflow_dag.py    764  0.01s             1           0  0.11s           2025-09-09T12:54:46
================================================================================
[2025-09-09T12:55:25.803+0000] {manager.py:893} INFO - 
================================================================================
DAG File Processing Stats

File Path                              PID    Runtime      # DAGs    # Errors  Last Runtime    Last Run
-------------------------------------  -----  ---------  --------  ----------  --------------  -------------------
/opt/airflow/dags/dbt_workflow_dag.py                           1           0  0.13s           2025-09-09T12:55:16
================================================================================
[2025-09-09T12:55:47.496+0000] {manager.py:893} INFO - 
================================================================================
DAG File Processing Stats

File Path                                PID  Runtime      # DAGs    # Errors  Last Runtime    Last Run
-------------------------------------  -----  ---------  --------  ----------  --------------  -------------------
/opt/airflow/dags/dbt_workflow_dag.py    769  0.01s             1           0  0.11s           2025-09-09T12:55:17
================================================================================
[2025-09-09T12:55:56.181+0000] {manager.py:893} INFO - 
================================================================================
DAG File Processing Stats

File Path                              PID    Runtime      # DAGs    # Errors  Last Runtime    Last Run
-------------------------------------  -----  ---------  --------  ----------  --------------  -------------------
/opt/airflow/dags/dbt_workflow_dag.py                           1           0  0.12s           2025-09-09T12:55:47
================================================================================
[2025-09-09T12:56:17.887+0000] {manager.py:893} INFO - 
================================================================================
DAG File Processing Stats

File Path                                PID  Runtime      # DAGs    # Errors  Last Runtime    Last Run
-------------------------------------  -----  ---------  --------  ----------  --------------  -------------------
/opt/airflow/dags/dbt_workflow_dag.py    777  0.01s             1           0  0.10s           2025-09-09T12:55:47
================================================================================
[2025-09-09T12:56:26.592+0000] {manager.py:893} INFO - 
================================================================================
DAG File Processing Stats

File Path                              PID    Runtime      # DAGs    # Errors  Last Runtime    Last Run
-------------------------------------  -----  ---------  --------  ----------  --------------  -------------------
/opt/airflow/dags/dbt_workflow_dag.py                           1           0  0.13s           2025-09-09T12:56:17
================================================================================
[2025-09-09T12:56:48.285+0000] {manager.py:893} INFO - 
================================================================================
DAG File Processing Stats

File Path                                PID  Runtime      # DAGs    # Errors  Last Runtime    Last Run
-------------------------------------  -----  ---------  --------  ----------  --------------  -------------------
/opt/airflow/dags/dbt_workflow_dag.py    782  0.01s             1           0  0.10s           2025-09-09T12:56:17
================================================================================
[2025-09-09T12:56:56.928+0000] {manager.py:893} INFO - 
================================================================================
DAG File Processing Stats

File Path                              PID    Runtime      # DAGs    # Errors  Last Runtime    Last Run
-------------------------------------  -----  ---------  --------  ----------  --------------  -------------------
/opt/airflow/dags/dbt_workflow_dag.py                           1           0  0.13s           2025-09-09T12:56:47
================================================================================
[2025-09-09T12:57:15.094+0000] {manager.py:759} INFO - Searching for files in /opt/airflow/dags
[2025-09-09T12:57:15.104+0000] {manager.py:762} INFO - There are 1 files in /opt/airflow/dags
[2025-09-09T12:57:18.670+0000] {manager.py:893} INFO - 
================================================================================
DAG File Processing Stats

File Path                                PID  Runtime      # DAGs    # Errors  Last Runtime    Last Run
-------------------------------------  -----  ---------  --------  ----------  --------------  -------------------
/opt/airflow/dags/dbt_workflow_dag.py    787  0.01s             1           0  0.11s           2025-09-09T12:56:48
================================================================================
[2025-09-09T12:57:27.269+0000] {manager.py:893} INFO - 
================================================================================
DAG File Processing Stats

File Path                              PID    Runtime      # DAGs    # Errors  Last Runtime    Last Run
-------------------------------------  -----  ---------  --------  ----------  --------------  -------------------
/opt/airflow/dags/dbt_workflow_dag.py                           1           0  0.13s           2025-09-09T12:57:18
================================================================================
[2025-09-09T12:57:49.046+0000] {manager.py:893} INFO - 
================================================================================
DAG File Processing Stats

File Path                                PID  Runtime      # DAGs    # Errors  Last Runtime    Last Run
-------------------------------------  -----  ---------  --------  ----------  --------------  -------------------
/opt/airflow/dags/dbt_workflow_dag.py    792  0.01s             1           0  0.12s           2025-09-09T12:57:18
================================================================================
[2025-09-09T12:57:57.645+0000] {manager.py:893} INFO - 
================================================================================
DAG File Processing Stats

File Path                              PID    Runtime      # DAGs    # Errors  Last Runtime    Last Run
-------------------------------------  -----  ---------  --------  ----------  --------------  -------------------
/opt/airflow/dags/dbt_workflow_dag.py                           1           0  0.12s           2025-09-09T12:57:48
================================================================================
[2025-09-09T12:58:19.564+0000] {manager.py:893} INFO - 
================================================================================
DAG File Processing Stats

File Path                                PID  Runtime      # DAGs    # Errors  Last Runtime    Last Run
-------------------------------------  -----  ---------  --------  ----------  --------------  -------------------
/opt/airflow/dags/dbt_workflow_dag.py    797  0.02s             1           0  0.25s           2025-09-09T12:57:49
================================================================================
[2025-09-09T12:58:28.259+0000] {manager.py:893} INFO - 
================================================================================
DAG File Processing Stats

File Path                              PID    Runtime      # DAGs    # Errors  Last Runtime    Last Run
-------------------------------------  -----  ---------  --------  ----------  --------------  -------------------
/opt/airflow/dags/dbt_workflow_dag.py                           1           0  0.24s           2025-09-09T12:58:19
================================================================================
[2025-09-09T12:58:49.926+0000] {manager.py:893} INFO - 
================================================================================
DAG File Processing Stats

File Path                                PID  Runtime      # DAGs    # Errors  Last Runtime    Last Run
-------------------------------------  -----  ---------  --------  ----------  --------------  -------------------
/opt/airflow/dags/dbt_workflow_dag.py    802  0.01s             1           0  0.24s           2025-09-09T12:58:19
================================================================================
[2025-09-09T12:58:58.659+0000] {manager.py:893} INFO - 
================================================================================
DAG File Processing Stats

File Path                              PID    Runtime      # DAGs    # Errors  Last Runtime    Last Run
-------------------------------------  -----  ---------  --------  ----------  --------------  -------------------
/opt/airflow/dags/dbt_workflow_dag.py                           1           0  0.11s           2025-09-09T12:58:49
================================================================================
[2025-09-09T12:59:17.264+0000] {manager.py:759} INFO - Searching for files in /opt/airflow/dags
[2025-09-09T12:59:17.271+0000] {manager.py:762} INFO - There are 1 files in /opt/airflow/dags
[2025-09-09T12:59:20.334+0000] {manager.py:893} INFO - 
================================================================================
DAG File Processing Stats

File Path                                PID  Runtime      # DAGs    # Errors  Last Runtime    Last Run
-------------------------------------  -----  ---------  --------  ----------  --------------  -------------------
/opt/airflow/dags/dbt_workflow_dag.py    807  0.01s             1           0  0.19s           2025-09-09T12:58:50
================================================================================
[2025-09-09T12:59:29.041+0000] {manager.py:893} INFO - 
================================================================================
DAG File Processing Stats

File Path                              PID    Runtime      # DAGs    # Errors  Last Runtime    Last Run
-------------------------------------  -----  ---------  --------  ----------  --------------  -------------------
/opt/airflow/dags/dbt_workflow_dag.py                           1           0  0.15s           2025-09-09T12:59:20
================================================================================
[2025-09-09T12:59:50.600+0000] {manager.py:893} INFO - 
================================================================================
DAG File Processing Stats

File Path                                PID  Runtime      # DAGs    # Errors  Last Runtime    Last Run
-------------------------------------  -----  ---------  --------  ----------  --------------  -------------------
/opt/airflow/dags/dbt_workflow_dag.py    812  0.00s             1           0  0.20s           2025-09-09T12:59:20
================================================================================
[2025-09-09T12:59:59.429+0000] {manager.py:893} INFO - 
================================================================================
DAG File Processing Stats

File Path                              PID    Runtime      # DAGs    # Errors  Last Runtime    Last Run
-------------------------------------  -----  ---------  --------  ----------  --------------  -------------------
/opt/airflow/dags/dbt_workflow_dag.py                           1           0  0.13s           2025-09-09T12:59:50
================================================================================
[2025-09-09T13:00:21.371+0000] {manager.py:893} INFO - 
================================================================================
DAG File Processing Stats

File Path                                PID  Runtime      # DAGs    # Errors  Last Runtime    Last Run
-------------------------------------  -----  ---------  --------  ----------  --------------  -------------------
/opt/airflow/dags/dbt_workflow_dag.py    817  0.01s             1           0  0.24s           2025-09-09T12:59:50
================================================================================
[2025-09-09T13:00:29.817+0000] {manager.py:893} INFO - 
================================================================================
DAG File Processing Stats

File Path                              PID    Runtime      # DAGs    # Errors  Last Runtime    Last Run
-------------------------------------  -----  ---------  --------  ----------  --------------  -------------------
/opt/airflow/dags/dbt_workflow_dag.py                           1           0  0.13s           2025-09-09T13:00:20
================================================================================
[2025-09-09T13:00:51.787+0000] {manager.py:893} INFO - 
================================================================================
DAG File Processing Stats

File Path                                PID  Runtime      # DAGs    # Errors  Last Runtime    Last Run
-------------------------------------  -----  ---------  --------  ----------  --------------  -------------------
/opt/airflow/dags/dbt_workflow_dag.py    822  0.01s             1           0  0.08s           2025-09-09T13:00:21
================================================================================
[2025-09-09T13:01:00.149+0000] {manager.py:893} INFO - 
================================================================================
DAG File Processing Stats

File Path                              PID    Runtime      # DAGs    # Errors  Last Runtime    Last Run
-------------------------------------  -----  ---------  --------  ----------  --------------  -------------------
/opt/airflow/dags/dbt_workflow_dag.py                           1           0  0.11s           2025-09-09T13:00:51
================================================================================
[2025-09-09T13:01:22.188+0000] {manager.py:893} INFO - 
================================================================================
DAG File Processing Stats

File Path                                PID  Runtime      # DAGs    # Errors  Last Runtime    Last Run
-------------------------------------  -----  ---------  --------  ----------  --------------  -------------------
/opt/airflow/dags/dbt_workflow_dag.py    827  0.01s             1           0  0.11s           2025-09-09T13:00:51
================================================================================
[2025-09-09T13:01:30.501+0000] {manager.py:893} INFO - 
================================================================================
DAG File Processing Stats

File Path                              PID    Runtime      # DAGs    # Errors  Last Runtime    Last Run
-------------------------------------  -----  ---------  --------  ----------  --------------  -------------------
/opt/airflow/dags/dbt_workflow_dag.py                           1           0  0.12s           2025-09-09T13:01:21
================================================================================
[2025-09-09T13:01:52.578+0000] {manager.py:893} INFO - 
================================================================================
DAG File Processing Stats

File Path                                PID  Runtime      # DAGs    # Errors  Last Runtime    Last Run
-------------------------------------  -----  ---------  --------  ----------  --------------  -------------------
/opt/airflow/dags/dbt_workflow_dag.py    832  0.02s             1           0  0.11s           2025-09-09T13:01:22
================================================================================
[2025-09-09T13:02:00.896+0000] {manager.py:893} INFO - 
================================================================================
DAG File Processing Stats

File Path                              PID    Runtime      # DAGs    # Errors  Last Runtime    Last Run
-------------------------------------  -----  ---------  --------  ----------  --------------  -------------------
/opt/airflow/dags/dbt_workflow_dag.py                           1           0  0.09s           2025-09-09T13:01:51
================================================================================
[2025-09-09T13:02:16.080+0000] {manager.py:759} INFO - Searching for files in /opt/airflow/dags
[2025-09-09T13:02:16.090+0000] {manager.py:762} INFO - There are 1 files in /opt/airflow/dags
[2025-09-09T13:02:22.918+0000] {manager.py:893} INFO - 
================================================================================
DAG File Processing Stats

File Path                                PID  Runtime      # DAGs    # Errors  Last Runtime    Last Run
-------------------------------------  -----  ---------  --------  ----------  --------------  -------------------
/opt/airflow/dags/dbt_workflow_dag.py    837  0.01s             1           0  0.12s           2025-09-09T13:01:52
================================================================================
[2025-09-09T13:02:31.347+0000] {manager.py:893} INFO - 
================================================================================
DAG File Processing Stats

File Path                              PID    Runtime      # DAGs    # Errors  Last Runtime    Last Run
-------------------------------------  -----  ---------  --------  ----------  --------------  -------------------
/opt/airflow/dags/dbt_workflow_dag.py                           1           0  0.13s           2025-09-09T13:02:22
================================================================================
[2025-09-09T13:02:53.311+0000] {manager.py:893} INFO - 
================================================================================
DAG File Processing Stats

File Path                                PID  Runtime      # DAGs    # Errors  Last Runtime    Last Run
-------------------------------------  -----  ---------  --------  ----------  --------------  -------------------
/opt/airflow/dags/dbt_workflow_dag.py    842  0.01s             1           0  0.08s           2025-09-09T13:02:22
================================================================================
[2025-09-09T13:03:01.866+0000] {manager.py:893} INFO - 
================================================================================
DAG File Processing Stats

File Path                              PID    Runtime      # DAGs    # Errors  Last Runtime    Last Run
-------------------------------------  -----  ---------  --------  ----------  --------------  -------------------
/opt/airflow/dags/dbt_workflow_dag.py                           1           0  0.13s           2025-09-09T13:02:52
================================================================================
[2025-09-09T13:03:23.678+0000] {manager.py:893} INFO - 
================================================================================
DAG File Processing Stats

File Path                                PID  Runtime      # DAGs    # Errors  Last Runtime    Last Run
-------------------------------------  -----  ---------  --------  ----------  --------------  -------------------
/opt/airflow/dags/dbt_workflow_dag.py    847  0.01s             1           0  0.09s           2025-09-09T13:02:53
================================================================================
[2025-09-09T13:03:32.313+0000] {manager.py:893} INFO - 
================================================================================
DAG File Processing Stats

File Path                              PID    Runtime      # DAGs    # Errors  Last Runtime    Last Run
-------------------------------------  -----  ---------  --------  ----------  --------------  -------------------
/opt/airflow/dags/dbt_workflow_dag.py                           1           0  0.12s           2025-09-09T13:03:23
================================================================================
[2025-09-09T13:03:54.072+0000] {manager.py:893} INFO - 
================================================================================
DAG File Processing Stats

File Path                                PID  Runtime      # DAGs    # Errors  Last Runtime    Last Run
-------------------------------------  -----  ---------  --------  ----------  --------------  -------------------
/opt/airflow/dags/dbt_workflow_dag.py    852  0.01s             1           0  0.10s           2025-09-09T13:03:23
================================================================================
[2025-09-09T13:04:02.717+0000] {manager.py:893} INFO - 
================================================================================
DAG File Processing Stats

File Path                              PID    Runtime      # DAGs    # Errors  Last Runtime    Last Run
-------------------------------------  -----  ---------  --------  ----------  --------------  -------------------
/opt/airflow/dags/dbt_workflow_dag.py                           1           0  0.12s           2025-09-09T13:03:53
================================================================================
[2025-09-09T13:04:17.359+0000] {manager.py:759} INFO - Searching for files in /opt/airflow/dags
[2025-09-09T13:04:17.380+0000] {manager.py:762} INFO - There are 1 files in /opt/airflow/dags
[2025-09-09T13:04:24.494+0000] {manager.py:893} INFO - 
================================================================================
DAG File Processing Stats

File Path                                PID  Runtime      # DAGs    # Errors  Last Runtime    Last Run
-------------------------------------  -----  ---------  --------  ----------  --------------  -------------------
/opt/airflow/dags/dbt_workflow_dag.py    857  0.03s             1           0  0.10s           2025-09-09T13:03:54
================================================================================
[2025-09-09T13:04:33.027+0000] {manager.py:893} INFO - 
================================================================================
DAG File Processing Stats

File Path                              PID    Runtime      # DAGs    # Errors  Last Runtime    Last Run
-------------------------------------  -----  ---------  --------  ----------  --------------  -------------------
/opt/airflow/dags/dbt_workflow_dag.py                           1           0  0.11s           2025-09-09T13:04:24
================================================================================
[2025-09-09T13:04:54.885+0000] {manager.py:893} INFO - 
================================================================================
DAG File Processing Stats

File Path                                PID  Runtime      # DAGs    # Errors  Last Runtime    Last Run
-------------------------------------  -----  ---------  --------  ----------  --------------  -------------------
/opt/airflow/dags/dbt_workflow_dag.py    862  0.01s             1           0  0.10s           2025-09-09T13:04:24
================================================================================
[2025-09-09T13:05:03.382+0000] {manager.py:893} INFO - 
================================================================================
DAG File Processing Stats

File Path                              PID    Runtime      # DAGs    # Errors  Last Runtime    Last Run
-------------------------------------  -----  ---------  --------  ----------  --------------  -------------------
/opt/airflow/dags/dbt_workflow_dag.py                           1           0  0.11s           2025-09-09T13:04:54
================================================================================
[2025-09-09T13:05:25.366+0000] {manager.py:893} INFO - 
================================================================================
DAG File Processing Stats

File Path                                PID  Runtime      # DAGs    # Errors  Last Runtime    Last Run
-------------------------------------  -----  ---------  --------  ----------  --------------  -------------------
/opt/airflow/dags/dbt_workflow_dag.py    867  0.02s             1           0  0.11s           2025-09-09T13:04:54
================================================================================
[2025-09-09T13:05:33.805+0000] {manager.py:893} INFO - 
================================================================================
DAG File Processing Stats

File Path                              PID    Runtime      # DAGs    # Errors  Last Runtime    Last Run
-------------------------------------  -----  ---------  --------  ----------  --------------  -------------------
/opt/airflow/dags/dbt_workflow_dag.py                           1           0  0.13s           2025-09-09T13:05:24
================================================================================
[2025-09-09T13:05:55.731+0000] {manager.py:893} INFO - 
================================================================================
DAG File Processing Stats

File Path                                PID  Runtime      # DAGs    # Errors  Last Runtime    Last Run
-------------------------------------  -----  ---------  --------  ----------  --------------  -------------------
/opt/airflow/dags/dbt_workflow_dag.py    872  0.01s             1           0  0.10s           2025-09-09T13:05:25
================================================================================
[2025-09-09T13:06:04.192+0000] {manager.py:893} INFO - 
================================================================================
DAG File Processing Stats

File Path                              PID    Runtime      # DAGs    # Errors  Last Runtime    Last Run
-------------------------------------  -----  ---------  --------  ----------  --------------  -------------------
/opt/airflow/dags/dbt_workflow_dag.py                           1           0  0.13s           2025-09-09T13:05:55
================================================================================
[2025-09-09T13:06:26.088+0000] {manager.py:893} INFO - 
================================================================================
DAG File Processing Stats

File Path                                PID  Runtime      # DAGs    # Errors  Last Runtime    Last Run
-------------------------------------  -----  ---------  --------  ----------  --------------  -------------------
/opt/airflow/dags/dbt_workflow_dag.py    877  0.01s             1           0  0.10s           2025-09-09T13:05:55
================================================================================
[2025-09-09T13:06:34.620+0000] {manager.py:893} INFO - 
================================================================================
DAG File Processing Stats

File Path                              PID    Runtime      # DAGs    # Errors  Last Runtime    Last Run
-------------------------------------  -----  ---------  --------  ----------  --------------  -------------------
/opt/airflow/dags/dbt_workflow_dag.py                           1           0  0.12s           2025-09-09T13:06:25
================================================================================
[2025-09-09T13:06:56.530+0000] {manager.py:893} INFO - 
================================================================================
DAG File Processing Stats

File Path                                PID  Runtime      # DAGs    # Errors  Last Runtime    Last Run
-------------------------------------  -----  ---------  --------  ----------  --------------  -------------------
/opt/airflow/dags/dbt_workflow_dag.py    882  0.03s             1           0  0.10s           2025-09-09T13:06:26
================================================================================
[2025-09-09T13:07:05.166+0000] {manager.py:893} INFO - 
================================================================================
DAG File Processing Stats

File Path                              PID    Runtime      # DAGs    # Errors  Last Runtime    Last Run
-------------------------------------  -----  ---------  --------  ----------  --------------  -------------------
/opt/airflow/dags/dbt_workflow_dag.py                           1           0  0.14s           2025-09-09T13:06:56
================================================================================
[2025-09-09T13:07:16.299+0000] {manager.py:759} INFO - Searching for files in /opt/airflow/dags
[2025-09-09T13:07:16.326+0000] {manager.py:762} INFO - There are 1 files in /opt/airflow/dags
[2025-09-09T13:07:26.972+0000] {manager.py:893} INFO - 
================================================================================
DAG File Processing Stats

File Path                                PID  Runtime      # DAGs    # Errors  Last Runtime    Last Run
-------------------------------------  -----  ---------  --------  ----------  --------------  -------------------
/opt/airflow/dags/dbt_workflow_dag.py    887  0.02s             1           0  0.15s           2025-09-09T13:06:56
================================================================================
[2025-09-09T13:07:35.568+0000] {manager.py:893} INFO - 
================================================================================
DAG File Processing Stats

File Path                              PID    Runtime      # DAGs    # Errors  Last Runtime    Last Run
-------------------------------------  -----  ---------  --------  ----------  --------------  -------------------
/opt/airflow/dags/dbt_workflow_dag.py                           1           0  0.13s           2025-09-09T13:07:26
================================================================================
[2025-09-09T13:07:57.379+0000] {manager.py:893} INFO - 
================================================================================
DAG File Processing Stats

File Path                                PID  Runtime      # DAGs    # Errors  Last Runtime    Last Run
-------------------------------------  -----  ---------  --------  ----------  --------------  -------------------
/opt/airflow/dags/dbt_workflow_dag.py    892  0.01s             1           0  0.11s           2025-09-09T13:07:27
================================================================================
[2025-09-09T13:08:05.971+0000] {manager.py:893} INFO - 
================================================================================
DAG File Processing Stats

File Path                              PID    Runtime      # DAGs    # Errors  Last Runtime    Last Run
-------------------------------------  -----  ---------  --------  ----------  --------------  -------------------
/opt/airflow/dags/dbt_workflow_dag.py                           1           0  0.22s           2025-09-09T13:07:57
================================================================================
[2025-09-09T13:08:27.890+0000] {manager.py:893} INFO - 
================================================================================
DAG File Processing Stats

File Path                                PID  Runtime      # DAGs    # Errors  Last Runtime    Last Run
-------------------------------------  -----  ---------  --------  ----------  --------------  -------------------
/opt/airflow/dags/dbt_workflow_dag.py    897  0.02s             1           0  0.11s           2025-09-09T13:07:57
================================================================================
[2025-09-09T13:08:36.467+0000] {manager.py:893} INFO - 
================================================================================
DAG File Processing Stats

File Path                              PID    Runtime      # DAGs    # Errors  Last Runtime    Last Run
-------------------------------------  -----  ---------  --------  ----------  --------------  -------------------
/opt/airflow/dags/dbt_workflow_dag.py                           1           0  0.14s           2025-09-09T13:08:27
================================================================================
[2025-09-09T13:08:58.296+0000] {manager.py:893} INFO - 
================================================================================
DAG File Processing Stats

File Path                                PID  Runtime      # DAGs    # Errors  Last Runtime    Last Run
-------------------------------------  -----  ---------  --------  ----------  --------------  -------------------
/opt/airflow/dags/dbt_workflow_dag.py    902  0.03s             1           0  0.11s           2025-09-09T13:08:27
================================================================================
[2025-09-09T13:09:06.934+0000] {manager.py:893} INFO - 
================================================================================
DAG File Processing Stats

File Path                              PID    Runtime      # DAGs    # Errors  Last Runtime    Last Run
-------------------------------------  -----  ---------  --------  ----------  --------------  -------------------
/opt/airflow/dags/dbt_workflow_dag.py                           1           0  0.12s           2025-09-09T13:08:57
================================================================================
[2025-09-09T13:09:17.584+0000] {manager.py:759} INFO - Searching for files in /opt/airflow/dags
[2025-09-09T13:09:17.593+0000] {manager.py:762} INFO - There are 1 files in /opt/airflow/dags
[2025-09-09T13:09:28.772+0000] {manager.py:893} INFO - 
================================================================================
DAG File Processing Stats

File Path                                PID  Runtime      # DAGs    # Errors  Last Runtime    Last Run
-------------------------------------  -----  ---------  --------  ----------  --------------  -------------------
/opt/airflow/dags/dbt_workflow_dag.py    907  0.02s             1           0  0.11s           2025-09-09T13:08:58
================================================================================
[2025-09-09T13:09:37.406+0000] {manager.py:893} INFO - 
================================================================================
DAG File Processing Stats

File Path                              PID    Runtime      # DAGs    # Errors  Last Runtime    Last Run
-------------------------------------  -----  ---------  --------  ----------  --------------  -------------------
/opt/airflow/dags/dbt_workflow_dag.py                           1           0  0.16s           2025-09-09T13:09:28
================================================================================
[2025-09-09T13:09:59.134+0000] {manager.py:893} INFO - 
================================================================================
DAG File Processing Stats

File Path                                PID  Runtime      # DAGs    # Errors  Last Runtime    Last Run
-------------------------------------  -----  ---------  --------  ----------  --------------  -------------------
/opt/airflow/dags/dbt_workflow_dag.py    912  0.01s             1           0  0.11s           2025-09-09T13:09:28
================================================================================
[2025-09-09T13:10:07.852+0000] {manager.py:893} INFO - 
================================================================================
DAG File Processing Stats

File Path                              PID    Runtime      # DAGs    # Errors  Last Runtime    Last Run
-------------------------------------  -----  ---------  --------  ----------  --------------  -------------------
/opt/airflow/dags/dbt_workflow_dag.py                           1           0  0.14s           2025-09-09T13:09:58
================================================================================
[2025-09-09T13:10:29.682+0000] {manager.py:893} INFO - 
================================================================================
DAG File Processing Stats

File Path                                PID  Runtime      # DAGs    # Errors  Last Runtime    Last Run
-------------------------------------  -----  ---------  --------  ----------  --------------  -------------------
/opt/airflow/dags/dbt_workflow_dag.py    917  0.01s             1           0  0.10s           2025-09-09T13:09:59
================================================================================
[2025-09-09T13:10:38.327+0000] {manager.py:893} INFO - 
================================================================================
DAG File Processing Stats

File Path                              PID    Runtime      # DAGs    # Errors  Last Runtime    Last Run
-------------------------------------  -----  ---------  --------  ----------  --------------  -------------------
/opt/airflow/dags/dbt_workflow_dag.py                           1           0  0.12s           2025-09-09T13:10:29
================================================================================
[2025-09-09T13:10:51.913+0000] {manager.py:469} INFO - Exiting gracefully upon receiving signal 15
