[2025-09-09T12:52:14.272+0000] {processor.py:157} INFO - Started process (PID=166) to work on /opt/airflow/dags/dbt_workflow_dag.py
[2025-09-09T12:52:14.273+0000] {processor.py:829} INFO - Processing file /opt/airflow/dags/dbt_workflow_dag.py for tasks to queue
[2025-09-09T12:52:14.274+0000] {logging_mixin.py:151} INFO - [2025-09-09T12:52:14.274+0000] {dagbag.py:539} INFO - Filling up the DagBag from /opt/airflow/dags/dbt_workflow_dag.py
[2025-09-09T12:52:14.309+0000] {processor.py:839} INFO - DAG(s) dict_keys(['dbt_pipeline']) retrieved from /opt/airflow/dags/dbt_workflow_dag.py
[2025-09-09T12:52:14.445+0000] {logging_mixin.py:151} INFO - [2025-09-09T12:52:14.445+0000] {manager.py:499} INFO - Created Permission View: %s
[2025-09-09T12:52:14.448+0000] {logging_mixin.py:151} INFO - [2025-09-09T12:52:14.448+0000] {manager.py:499} INFO - Created Permission View: %s
[2025-09-09T12:52:14.450+0000] {logging_mixin.py:151} INFO - [2025-09-09T12:52:14.450+0000] {manager.py:499} INFO - Created Permission View: %s
[2025-09-09T12:52:14.450+0000] {logging_mixin.py:151} INFO - [2025-09-09T12:52:14.450+0000] {security.py:708} INFO - Not syncing DAG-level permissions for DAG 'DAG:dbt_pipeline' as access control is unset.
[2025-09-09T12:52:14.450+0000] {logging_mixin.py:151} INFO - [2025-09-09T12:52:14.450+0000] {dag.py:2915} INFO - Sync 1 DAGs
[2025-09-09T12:52:14.456+0000] {logging_mixin.py:151} INFO - [2025-09-09T12:52:14.455+0000] {dag.py:2937} INFO - Creating ORM DAG for dbt_pipeline
[2025-09-09T12:52:14.460+0000] {logging_mixin.py:151} INFO - [2025-09-09T12:52:14.460+0000] {dag.py:3696} INFO - Setting next_dagrun for dbt_pipeline to 2025-09-09T00:00:00+00:00, run_after=2025-09-10T00:00:00+00:00
[2025-09-09T12:52:14.468+0000] {processor.py:179} INFO - Processing /opt/airflow/dags/dbt_workflow_dag.py took 0.206 seconds
[2025-09-09T12:52:44.687+0000] {processor.py:157} INFO - Started process (PID=171) to work on /opt/airflow/dags/dbt_workflow_dag.py
[2025-09-09T12:52:44.689+0000] {processor.py:829} INFO - Processing file /opt/airflow/dags/dbt_workflow_dag.py for tasks to queue
[2025-09-09T12:52:44.690+0000] {logging_mixin.py:151} INFO - [2025-09-09T12:52:44.690+0000] {dagbag.py:539} INFO - Filling up the DagBag from /opt/airflow/dags/dbt_workflow_dag.py
[2025-09-09T12:52:44.717+0000] {processor.py:839} INFO - DAG(s) dict_keys(['dbt_pipeline']) retrieved from /opt/airflow/dags/dbt_workflow_dag.py
[2025-09-09T12:52:44.754+0000] {logging_mixin.py:151} INFO - [2025-09-09T12:52:44.754+0000] {dag.py:2915} INFO - Sync 1 DAGs
[2025-09-09T12:52:44.768+0000] {logging_mixin.py:151} INFO - [2025-09-09T12:52:44.768+0000] {dag.py:3696} INFO - Setting next_dagrun for dbt_pipeline to 2025-09-09T00:00:00+00:00, run_after=2025-09-10T00:00:00+00:00
[2025-09-09T12:52:44.777+0000] {processor.py:179} INFO - Processing /opt/airflow/dags/dbt_workflow_dag.py took 0.098 seconds
[2025-09-09T12:53:15.105+0000] {processor.py:157} INFO - Started process (PID=176) to work on /opt/airflow/dags/dbt_workflow_dag.py
[2025-09-09T12:53:15.107+0000] {processor.py:829} INFO - Processing file /opt/airflow/dags/dbt_workflow_dag.py for tasks to queue
[2025-09-09T12:53:15.108+0000] {logging_mixin.py:151} INFO - [2025-09-09T12:53:15.108+0000] {dagbag.py:539} INFO - Filling up the DagBag from /opt/airflow/dags/dbt_workflow_dag.py
[2025-09-09T12:53:15.132+0000] {processor.py:839} INFO - DAG(s) dict_keys(['dbt_pipeline']) retrieved from /opt/airflow/dags/dbt_workflow_dag.py
[2025-09-09T12:53:15.162+0000] {logging_mixin.py:151} INFO - [2025-09-09T12:53:15.162+0000] {dag.py:2915} INFO - Sync 1 DAGs
[2025-09-09T12:53:15.176+0000] {logging_mixin.py:151} INFO - [2025-09-09T12:53:15.176+0000] {dag.py:3696} INFO - Setting next_dagrun for dbt_pipeline to 2025-09-09T00:00:00+00:00, run_after=2025-09-10T00:00:00+00:00
[2025-09-09T12:53:15.189+0000] {processor.py:179} INFO - Processing /opt/airflow/dags/dbt_workflow_dag.py took 0.091 seconds
[2025-09-09T12:53:45.512+0000] {processor.py:157} INFO - Started process (PID=181) to work on /opt/airflow/dags/dbt_workflow_dag.py
[2025-09-09T12:53:45.514+0000] {processor.py:829} INFO - Processing file /opt/airflow/dags/dbt_workflow_dag.py for tasks to queue
[2025-09-09T12:53:45.516+0000] {logging_mixin.py:151} INFO - [2025-09-09T12:53:45.515+0000] {dagbag.py:539} INFO - Filling up the DagBag from /opt/airflow/dags/dbt_workflow_dag.py
[2025-09-09T12:53:45.541+0000] {processor.py:839} INFO - DAG(s) dict_keys(['dbt_pipeline']) retrieved from /opt/airflow/dags/dbt_workflow_dag.py
[2025-09-09T12:53:45.574+0000] {logging_mixin.py:151} INFO - [2025-09-09T12:53:45.574+0000] {dag.py:2915} INFO - Sync 1 DAGs
[2025-09-09T12:53:45.588+0000] {logging_mixin.py:151} INFO - [2025-09-09T12:53:45.588+0000] {dag.py:3696} INFO - Setting next_dagrun for dbt_pipeline to 2025-09-09T00:00:00+00:00, run_after=2025-09-10T00:00:00+00:00
[2025-09-09T12:53:45.597+0000] {processor.py:179} INFO - Processing /opt/airflow/dags/dbt_workflow_dag.py took 0.092 seconds
[2025-09-09T12:54:15.870+0000] {processor.py:157} INFO - Started process (PID=186) to work on /opt/airflow/dags/dbt_workflow_dag.py
[2025-09-09T12:54:15.871+0000] {processor.py:829} INFO - Processing file /opt/airflow/dags/dbt_workflow_dag.py for tasks to queue
[2025-09-09T12:54:15.872+0000] {logging_mixin.py:151} INFO - [2025-09-09T12:54:15.872+0000] {dagbag.py:539} INFO - Filling up the DagBag from /opt/airflow/dags/dbt_workflow_dag.py
[2025-09-09T12:54:15.891+0000] {processor.py:839} INFO - DAG(s) dict_keys(['dbt_pipeline']) retrieved from /opt/airflow/dags/dbt_workflow_dag.py
[2025-09-09T12:54:15.903+0000] {logging_mixin.py:151} INFO - [2025-09-09T12:54:15.903+0000] {dag.py:2915} INFO - Sync 1 DAGs
[2025-09-09T12:54:15.916+0000] {logging_mixin.py:151} INFO - [2025-09-09T12:54:15.915+0000] {dag.py:3696} INFO - Setting next_dagrun for dbt_pipeline to 2025-09-09T00:00:00+00:00, run_after=2025-09-10T00:00:00+00:00
[2025-09-09T12:54:15.924+0000] {processor.py:179} INFO - Processing /opt/airflow/dags/dbt_workflow_dag.py took 0.056 seconds
[2025-09-09T12:54:16.429+0000] {processor.py:157} INFO - Started process (PID=754) to work on /opt/airflow/dags/dbt_workflow_dag.py
[2025-09-09T12:54:16.430+0000] {processor.py:829} INFO - Processing file /opt/airflow/dags/dbt_workflow_dag.py for tasks to queue
[2025-09-09T12:54:16.431+0000] {logging_mixin.py:151} INFO - [2025-09-09T12:54:16.431+0000] {dagbag.py:539} INFO - Filling up the DagBag from /opt/airflow/dags/dbt_workflow_dag.py
[2025-09-09T12:54:16.439+0000] {processor.py:839} INFO - DAG(s) dict_keys(['dbt_pipeline']) retrieved from /opt/airflow/dags/dbt_workflow_dag.py
[2025-09-09T12:54:16.456+0000] {logging_mixin.py:151} INFO - [2025-09-09T12:54:16.456+0000] {dag.py:2915} INFO - Sync 1 DAGs
[2025-09-09T12:54:16.469+0000] {logging_mixin.py:151} INFO - [2025-09-09T12:54:16.469+0000] {dag.py:3696} INFO - Setting next_dagrun for dbt_pipeline to 2025-09-09T00:00:00+00:00, run_after=2025-09-10T00:00:00+00:00
[2025-09-09T12:54:16.477+0000] {processor.py:179} INFO - Processing /opt/airflow/dags/dbt_workflow_dag.py took 0.050 seconds
[2025-09-09T12:54:46.314+0000] {processor.py:157} INFO - Started process (PID=191) to work on /opt/airflow/dags/dbt_workflow_dag.py
[2025-09-09T12:54:46.315+0000] {processor.py:829} INFO - Processing file /opt/airflow/dags/dbt_workflow_dag.py for tasks to queue
[2025-09-09T12:54:46.316+0000] {logging_mixin.py:151} INFO - [2025-09-09T12:54:46.315+0000] {dagbag.py:539} INFO - Filling up the DagBag from /opt/airflow/dags/dbt_workflow_dag.py
[2025-09-09T12:54:46.333+0000] {processor.py:839} INFO - DAG(s) dict_keys(['dbt_pipeline']) retrieved from /opt/airflow/dags/dbt_workflow_dag.py
[2025-09-09T12:54:46.371+0000] {logging_mixin.py:151} INFO - [2025-09-09T12:54:46.371+0000] {dag.py:2915} INFO - Sync 1 DAGs
[2025-09-09T12:54:46.386+0000] {logging_mixin.py:151} INFO - [2025-09-09T12:54:46.385+0000] {dag.py:3696} INFO - Setting next_dagrun for dbt_pipeline to 2025-09-09T00:00:00+00:00, run_after=2025-09-10T00:00:00+00:00
[2025-09-09T12:54:46.396+0000] {processor.py:179} INFO - Processing /opt/airflow/dags/dbt_workflow_dag.py took 0.086 seconds
[2025-09-09T12:54:46.780+0000] {processor.py:157} INFO - Started process (PID=759) to work on /opt/airflow/dags/dbt_workflow_dag.py
[2025-09-09T12:54:46.781+0000] {processor.py:829} INFO - Processing file /opt/airflow/dags/dbt_workflow_dag.py for tasks to queue
[2025-09-09T12:54:46.781+0000] {logging_mixin.py:151} INFO - [2025-09-09T12:54:46.781+0000] {dagbag.py:539} INFO - Filling up the DagBag from /opt/airflow/dags/dbt_workflow_dag.py
[2025-09-09T12:54:46.800+0000] {processor.py:839} INFO - DAG(s) dict_keys(['dbt_pipeline']) retrieved from /opt/airflow/dags/dbt_workflow_dag.py
[2025-09-09T12:54:46.828+0000] {logging_mixin.py:151} INFO - [2025-09-09T12:54:46.827+0000] {dag.py:2915} INFO - Sync 1 DAGs
[2025-09-09T12:54:46.843+0000] {logging_mixin.py:151} INFO - [2025-09-09T12:54:46.843+0000] {dag.py:3696} INFO - Setting next_dagrun for dbt_pipeline to 2025-09-09T00:00:00+00:00, run_after=2025-09-10T00:00:00+00:00
[2025-09-09T12:54:46.853+0000] {processor.py:179} INFO - Processing /opt/airflow/dags/dbt_workflow_dag.py took 0.076 seconds
[2025-09-09T12:55:16.705+0000] {processor.py:157} INFO - Started process (PID=196) to work on /opt/airflow/dags/dbt_workflow_dag.py
[2025-09-09T12:55:16.707+0000] {processor.py:829} INFO - Processing file /opt/airflow/dags/dbt_workflow_dag.py for tasks to queue
[2025-09-09T12:55:16.708+0000] {logging_mixin.py:151} INFO - [2025-09-09T12:55:16.708+0000] {dagbag.py:539} INFO - Filling up the DagBag from /opt/airflow/dags/dbt_workflow_dag.py
[2025-09-09T12:55:16.726+0000] {processor.py:839} INFO - DAG(s) dict_keys(['dbt_pipeline']) retrieved from /opt/airflow/dags/dbt_workflow_dag.py
[2025-09-09T12:55:16.759+0000] {logging_mixin.py:151} INFO - [2025-09-09T12:55:16.759+0000] {dag.py:2915} INFO - Sync 1 DAGs
[2025-09-09T12:55:16.773+0000] {logging_mixin.py:151} INFO - [2025-09-09T12:55:16.773+0000] {dag.py:3696} INFO - Setting next_dagrun for dbt_pipeline to 2025-09-09T00:00:00+00:00, run_after=2025-09-10T00:00:00+00:00
[2025-09-09T12:55:16.786+0000] {processor.py:179} INFO - Processing /opt/airflow/dags/dbt_workflow_dag.py took 0.086 seconds
[2025-09-09T12:55:17.124+0000] {processor.py:157} INFO - Started process (PID=764) to work on /opt/airflow/dags/dbt_workflow_dag.py
[2025-09-09T12:55:17.125+0000] {processor.py:829} INFO - Processing file /opt/airflow/dags/dbt_workflow_dag.py for tasks to queue
[2025-09-09T12:55:17.126+0000] {logging_mixin.py:151} INFO - [2025-09-09T12:55:17.126+0000] {dagbag.py:539} INFO - Filling up the DagBag from /opt/airflow/dags/dbt_workflow_dag.py
[2025-09-09T12:55:17.152+0000] {processor.py:839} INFO - DAG(s) dict_keys(['dbt_pipeline']) retrieved from /opt/airflow/dags/dbt_workflow_dag.py
[2025-09-09T12:55:17.177+0000] {logging_mixin.py:151} INFO - [2025-09-09T12:55:17.177+0000] {dag.py:2915} INFO - Sync 1 DAGs
[2025-09-09T12:55:17.190+0000] {logging_mixin.py:151} INFO - [2025-09-09T12:55:17.190+0000] {dag.py:3696} INFO - Setting next_dagrun for dbt_pipeline to 2025-09-09T00:00:00+00:00, run_after=2025-09-10T00:00:00+00:00
[2025-09-09T12:55:17.199+0000] {processor.py:179} INFO - Processing /opt/airflow/dags/dbt_workflow_dag.py took 0.082 seconds
[2025-09-09T12:55:47.065+0000] {processor.py:157} INFO - Started process (PID=201) to work on /opt/airflow/dags/dbt_workflow_dag.py
[2025-09-09T12:55:47.066+0000] {processor.py:829} INFO - Processing file /opt/airflow/dags/dbt_workflow_dag.py for tasks to queue
[2025-09-09T12:55:47.067+0000] {logging_mixin.py:151} INFO - [2025-09-09T12:55:47.067+0000] {dagbag.py:539} INFO - Filling up the DagBag from /opt/airflow/dags/dbt_workflow_dag.py
[2025-09-09T12:55:47.088+0000] {processor.py:839} INFO - DAG(s) dict_keys(['dbt_pipeline']) retrieved from /opt/airflow/dags/dbt_workflow_dag.py
[2025-09-09T12:55:47.115+0000] {logging_mixin.py:151} INFO - [2025-09-09T12:55:47.115+0000] {dag.py:2915} INFO - Sync 1 DAGs
[2025-09-09T12:55:47.128+0000] {logging_mixin.py:151} INFO - [2025-09-09T12:55:47.128+0000] {dag.py:3696} INFO - Setting next_dagrun for dbt_pipeline to 2025-09-09T00:00:00+00:00, run_after=2025-09-10T00:00:00+00:00
[2025-09-09T12:55:47.137+0000] {processor.py:179} INFO - Processing /opt/airflow/dags/dbt_workflow_dag.py took 0.078 seconds
[2025-09-09T12:55:47.510+0000] {processor.py:157} INFO - Started process (PID=769) to work on /opt/airflow/dags/dbt_workflow_dag.py
[2025-09-09T12:55:47.510+0000] {processor.py:829} INFO - Processing file /opt/airflow/dags/dbt_workflow_dag.py for tasks to queue
[2025-09-09T12:55:47.511+0000] {logging_mixin.py:151} INFO - [2025-09-09T12:55:47.511+0000] {dagbag.py:539} INFO - Filling up the DagBag from /opt/airflow/dags/dbt_workflow_dag.py
[2025-09-09T12:55:47.534+0000] {processor.py:839} INFO - DAG(s) dict_keys(['dbt_pipeline']) retrieved from /opt/airflow/dags/dbt_workflow_dag.py
[2025-09-09T12:55:47.558+0000] {logging_mixin.py:151} INFO - [2025-09-09T12:55:47.558+0000] {dag.py:2915} INFO - Sync 1 DAGs
[2025-09-09T12:55:47.571+0000] {logging_mixin.py:151} INFO - [2025-09-09T12:55:47.571+0000] {dag.py:3696} INFO - Setting next_dagrun for dbt_pipeline to 2025-09-09T00:00:00+00:00, run_after=2025-09-10T00:00:00+00:00
[2025-09-09T12:55:47.579+0000] {processor.py:179} INFO - Processing /opt/airflow/dags/dbt_workflow_dag.py took 0.074 seconds
[2025-09-09T12:56:17.472+0000] {processor.py:157} INFO - Started process (PID=206) to work on /opt/airflow/dags/dbt_workflow_dag.py
[2025-09-09T12:56:17.474+0000] {processor.py:829} INFO - Processing file /opt/airflow/dags/dbt_workflow_dag.py for tasks to queue
[2025-09-09T12:56:17.475+0000] {logging_mixin.py:151} INFO - [2025-09-09T12:56:17.475+0000] {dagbag.py:539} INFO - Filling up the DagBag from /opt/airflow/dags/dbt_workflow_dag.py
[2025-09-09T12:56:17.496+0000] {processor.py:839} INFO - DAG(s) dict_keys(['dbt_pipeline']) retrieved from /opt/airflow/dags/dbt_workflow_dag.py
[2025-09-09T12:56:17.526+0000] {logging_mixin.py:151} INFO - [2025-09-09T12:56:17.526+0000] {dag.py:2915} INFO - Sync 1 DAGs
[2025-09-09T12:56:17.544+0000] {logging_mixin.py:151} INFO - [2025-09-09T12:56:17.544+0000] {dag.py:3696} INFO - Setting next_dagrun for dbt_pipeline to 2025-09-09T00:00:00+00:00, run_after=2025-09-10T00:00:00+00:00
[2025-09-09T12:56:17.553+0000] {processor.py:179} INFO - Processing /opt/airflow/dags/dbt_workflow_dag.py took 0.085 seconds
[2025-09-09T12:56:17.901+0000] {processor.py:157} INFO - Started process (PID=777) to work on /opt/airflow/dags/dbt_workflow_dag.py
[2025-09-09T12:56:17.902+0000] {processor.py:829} INFO - Processing file /opt/airflow/dags/dbt_workflow_dag.py for tasks to queue
[2025-09-09T12:56:17.903+0000] {logging_mixin.py:151} INFO - [2025-09-09T12:56:17.902+0000] {dagbag.py:539} INFO - Filling up the DagBag from /opt/airflow/dags/dbt_workflow_dag.py
[2025-09-09T12:56:17.919+0000] {processor.py:839} INFO - DAG(s) dict_keys(['dbt_pipeline']) retrieved from /opt/airflow/dags/dbt_workflow_dag.py
[2025-09-09T12:56:17.944+0000] {logging_mixin.py:151} INFO - [2025-09-09T12:56:17.944+0000] {dag.py:2915} INFO - Sync 1 DAGs
[2025-09-09T12:56:17.956+0000] {logging_mixin.py:151} INFO - [2025-09-09T12:56:17.956+0000] {dag.py:3696} INFO - Setting next_dagrun for dbt_pipeline to 2025-09-09T00:00:00+00:00, run_after=2025-09-10T00:00:00+00:00
[2025-09-09T12:56:17.964+0000] {processor.py:179} INFO - Processing /opt/airflow/dags/dbt_workflow_dag.py took 0.069 seconds
[2025-09-09T12:56:47.853+0000] {processor.py:157} INFO - Started process (PID=211) to work on /opt/airflow/dags/dbt_workflow_dag.py
[2025-09-09T12:56:47.857+0000] {processor.py:829} INFO - Processing file /opt/airflow/dags/dbt_workflow_dag.py for tasks to queue
[2025-09-09T12:56:47.858+0000] {logging_mixin.py:151} INFO - [2025-09-09T12:56:47.858+0000] {dagbag.py:539} INFO - Filling up the DagBag from /opt/airflow/dags/dbt_workflow_dag.py
[2025-09-09T12:56:47.888+0000] {processor.py:839} INFO - DAG(s) dict_keys(['dbt_pipeline']) retrieved from /opt/airflow/dags/dbt_workflow_dag.py
[2025-09-09T12:56:47.919+0000] {logging_mixin.py:151} INFO - [2025-09-09T12:56:47.919+0000] {dag.py:2915} INFO - Sync 1 DAGs
[2025-09-09T12:56:47.935+0000] {logging_mixin.py:151} INFO - [2025-09-09T12:56:47.934+0000] {dag.py:3696} INFO - Setting next_dagrun for dbt_pipeline to 2025-09-09T00:00:00+00:00, run_after=2025-09-10T00:00:00+00:00
[2025-09-09T12:56:47.944+0000] {processor.py:179} INFO - Processing /opt/airflow/dags/dbt_workflow_dag.py took 0.095 seconds
[2025-09-09T12:56:48.296+0000] {processor.py:157} INFO - Started process (PID=782) to work on /opt/airflow/dags/dbt_workflow_dag.py
[2025-09-09T12:56:48.297+0000] {processor.py:829} INFO - Processing file /opt/airflow/dags/dbt_workflow_dag.py for tasks to queue
[2025-09-09T12:56:48.298+0000] {logging_mixin.py:151} INFO - [2025-09-09T12:56:48.297+0000] {dagbag.py:539} INFO - Filling up the DagBag from /opt/airflow/dags/dbt_workflow_dag.py
[2025-09-09T12:56:48.315+0000] {processor.py:839} INFO - DAG(s) dict_keys(['dbt_pipeline']) retrieved from /opt/airflow/dags/dbt_workflow_dag.py
[2025-09-09T12:56:48.350+0000] {logging_mixin.py:151} INFO - [2025-09-09T12:56:48.350+0000] {dag.py:2915} INFO - Sync 1 DAGs
[2025-09-09T12:56:48.363+0000] {logging_mixin.py:151} INFO - [2025-09-09T12:56:48.363+0000] {dag.py:3696} INFO - Setting next_dagrun for dbt_pipeline to 2025-09-09T00:00:00+00:00, run_after=2025-09-10T00:00:00+00:00
[2025-09-09T12:56:48.372+0000] {processor.py:179} INFO - Processing /opt/airflow/dags/dbt_workflow_dag.py took 0.079 seconds
[2025-09-09T12:57:18.202+0000] {processor.py:157} INFO - Started process (PID=216) to work on /opt/airflow/dags/dbt_workflow_dag.py
[2025-09-09T12:57:18.203+0000] {processor.py:829} INFO - Processing file /opt/airflow/dags/dbt_workflow_dag.py for tasks to queue
[2025-09-09T12:57:18.205+0000] {logging_mixin.py:151} INFO - [2025-09-09T12:57:18.204+0000] {dagbag.py:539} INFO - Filling up the DagBag from /opt/airflow/dags/dbt_workflow_dag.py
[2025-09-09T12:57:18.240+0000] {processor.py:839} INFO - DAG(s) dict_keys(['dbt_pipeline']) retrieved from /opt/airflow/dags/dbt_workflow_dag.py
[2025-09-09T12:57:18.267+0000] {logging_mixin.py:151} INFO - [2025-09-09T12:57:18.267+0000] {dag.py:2915} INFO - Sync 1 DAGs
[2025-09-09T12:57:18.280+0000] {logging_mixin.py:151} INFO - [2025-09-09T12:57:18.280+0000] {dag.py:3696} INFO - Setting next_dagrun for dbt_pipeline to 2025-09-09T00:00:00+00:00, run_after=2025-09-10T00:00:00+00:00
[2025-09-09T12:57:18.291+0000] {processor.py:179} INFO - Processing /opt/airflow/dags/dbt_workflow_dag.py took 0.096 seconds
[2025-09-09T12:57:18.694+0000] {processor.py:157} INFO - Started process (PID=787) to work on /opt/airflow/dags/dbt_workflow_dag.py
[2025-09-09T12:57:18.695+0000] {processor.py:829} INFO - Processing file /opt/airflow/dags/dbt_workflow_dag.py for tasks to queue
[2025-09-09T12:57:18.696+0000] {logging_mixin.py:151} INFO - [2025-09-09T12:57:18.695+0000] {dagbag.py:539} INFO - Filling up the DagBag from /opt/airflow/dags/dbt_workflow_dag.py
[2025-09-09T12:57:18.706+0000] {processor.py:839} INFO - DAG(s) dict_keys(['dbt_pipeline']) retrieved from /opt/airflow/dags/dbt_workflow_dag.py
[2025-09-09T12:57:18.732+0000] {logging_mixin.py:151} INFO - [2025-09-09T12:57:18.732+0000] {dag.py:2915} INFO - Sync 1 DAGs
[2025-09-09T12:57:18.755+0000] {logging_mixin.py:151} INFO - [2025-09-09T12:57:18.754+0000] {dag.py:3696} INFO - Setting next_dagrun for dbt_pipeline to 2025-09-09T00:00:00+00:00, run_after=2025-09-10T00:00:00+00:00
[2025-09-09T12:57:18.763+0000] {processor.py:179} INFO - Processing /opt/airflow/dags/dbt_workflow_dag.py took 0.072 seconds
[2025-09-09T12:57:48.536+0000] {processor.py:157} INFO - Started process (PID=221) to work on /opt/airflow/dags/dbt_workflow_dag.py
[2025-09-09T12:57:48.538+0000] {processor.py:829} INFO - Processing file /opt/airflow/dags/dbt_workflow_dag.py for tasks to queue
[2025-09-09T12:57:48.539+0000] {logging_mixin.py:151} INFO - [2025-09-09T12:57:48.539+0000] {dagbag.py:539} INFO - Filling up the DagBag from /opt/airflow/dags/dbt_workflow_dag.py
[2025-09-09T12:57:48.561+0000] {processor.py:839} INFO - DAG(s) dict_keys(['dbt_pipeline']) retrieved from /opt/airflow/dags/dbt_workflow_dag.py
[2025-09-09T12:57:48.596+0000] {logging_mixin.py:151} INFO - [2025-09-09T12:57:48.596+0000] {dag.py:2915} INFO - Sync 1 DAGs
[2025-09-09T12:57:48.610+0000] {logging_mixin.py:151} INFO - [2025-09-09T12:57:48.610+0000] {dag.py:3696} INFO - Setting next_dagrun for dbt_pipeline to 2025-09-09T00:00:00+00:00, run_after=2025-09-10T00:00:00+00:00
[2025-09-09T12:57:48.619+0000] {processor.py:179} INFO - Processing /opt/airflow/dags/dbt_workflow_dag.py took 0.087 seconds
[2025-09-09T12:57:49.060+0000] {processor.py:157} INFO - Started process (PID=792) to work on /opt/airflow/dags/dbt_workflow_dag.py
[2025-09-09T12:57:49.061+0000] {processor.py:829} INFO - Processing file /opt/airflow/dags/dbt_workflow_dag.py for tasks to queue
[2025-09-09T12:57:49.062+0000] {logging_mixin.py:151} INFO - [2025-09-09T12:57:49.061+0000] {dagbag.py:539} INFO - Filling up the DagBag from /opt/airflow/dags/dbt_workflow_dag.py
[2025-09-09T12:57:49.091+0000] {processor.py:839} INFO - DAG(s) dict_keys(['dbt_pipeline']) retrieved from /opt/airflow/dags/dbt_workflow_dag.py
[2025-09-09T12:57:49.116+0000] {logging_mixin.py:151} INFO - [2025-09-09T12:57:49.116+0000] {dag.py:2915} INFO - Sync 1 DAGs
[2025-09-09T12:57:49.135+0000] {logging_mixin.py:151} INFO - [2025-09-09T12:57:49.135+0000] {dag.py:3696} INFO - Setting next_dagrun for dbt_pipeline to 2025-09-09T00:00:00+00:00, run_after=2025-09-10T00:00:00+00:00
[2025-09-09T12:57:49.276+0000] {processor.py:179} INFO - Processing /opt/airflow/dags/dbt_workflow_dag.py took 0.221 seconds
[2025-09-09T12:58:19.107+0000] {processor.py:157} INFO - Started process (PID=226) to work on /opt/airflow/dags/dbt_workflow_dag.py
[2025-09-09T12:58:19.112+0000] {processor.py:829} INFO - Processing file /opt/airflow/dags/dbt_workflow_dag.py for tasks to queue
[2025-09-09T12:58:19.116+0000] {logging_mixin.py:151} INFO - [2025-09-09T12:58:19.114+0000] {dagbag.py:539} INFO - Filling up the DagBag from /opt/airflow/dags/dbt_workflow_dag.py
[2025-09-09T12:58:19.180+0000] {processor.py:839} INFO - DAG(s) dict_keys(['dbt_pipeline']) retrieved from /opt/airflow/dags/dbt_workflow_dag.py
[2025-09-09T12:58:19.234+0000] {logging_mixin.py:151} INFO - [2025-09-09T12:58:19.234+0000] {dag.py:2915} INFO - Sync 1 DAGs
[2025-09-09T12:58:19.255+0000] {logging_mixin.py:151} INFO - [2025-09-09T12:58:19.255+0000] {dag.py:3696} INFO - Setting next_dagrun for dbt_pipeline to 2025-09-09T00:00:00+00:00, run_after=2025-09-10T00:00:00+00:00
[2025-09-09T12:58:19.266+0000] {processor.py:179} INFO - Processing /opt/airflow/dags/dbt_workflow_dag.py took 0.174 seconds
[2025-09-09T12:58:19.588+0000] {processor.py:157} INFO - Started process (PID=797) to work on /opt/airflow/dags/dbt_workflow_dag.py
[2025-09-09T12:58:19.590+0000] {processor.py:829} INFO - Processing file /opt/airflow/dags/dbt_workflow_dag.py for tasks to queue
[2025-09-09T12:58:19.591+0000] {logging_mixin.py:151} INFO - [2025-09-09T12:58:19.590+0000] {dagbag.py:539} INFO - Filling up the DagBag from /opt/airflow/dags/dbt_workflow_dag.py
[2025-09-09T12:58:19.618+0000] {processor.py:839} INFO - DAG(s) dict_keys(['dbt_pipeline']) retrieved from /opt/airflow/dags/dbt_workflow_dag.py
[2025-09-09T12:58:19.643+0000] {logging_mixin.py:151} INFO - [2025-09-09T12:58:19.643+0000] {dag.py:2915} INFO - Sync 1 DAGs
[2025-09-09T12:58:19.764+0000] {logging_mixin.py:151} INFO - [2025-09-09T12:58:19.764+0000] {dag.py:3696} INFO - Setting next_dagrun for dbt_pipeline to 2025-09-09T00:00:00+00:00, run_after=2025-09-10T00:00:00+00:00
[2025-09-09T12:58:19.771+0000] {processor.py:179} INFO - Processing /opt/airflow/dags/dbt_workflow_dag.py took 0.189 seconds
[2025-09-09T12:58:49.575+0000] {processor.py:157} INFO - Started process (PID=231) to work on /opt/airflow/dags/dbt_workflow_dag.py
[2025-09-09T12:58:49.577+0000] {processor.py:829} INFO - Processing file /opt/airflow/dags/dbt_workflow_dag.py for tasks to queue
[2025-09-09T12:58:49.578+0000] {logging_mixin.py:151} INFO - [2025-09-09T12:58:49.577+0000] {dagbag.py:539} INFO - Filling up the DagBag from /opt/airflow/dags/dbt_workflow_dag.py
[2025-09-09T12:58:49.600+0000] {processor.py:839} INFO - DAG(s) dict_keys(['dbt_pipeline']) retrieved from /opt/airflow/dags/dbt_workflow_dag.py
[2025-09-09T12:58:49.626+0000] {logging_mixin.py:151} INFO - [2025-09-09T12:58:49.626+0000] {dag.py:2915} INFO - Sync 1 DAGs
[2025-09-09T12:58:49.639+0000] {logging_mixin.py:151} INFO - [2025-09-09T12:58:49.639+0000] {dag.py:3696} INFO - Setting next_dagrun for dbt_pipeline to 2025-09-09T00:00:00+00:00, run_after=2025-09-10T00:00:00+00:00
[2025-09-09T12:58:49.648+0000] {processor.py:179} INFO - Processing /opt/airflow/dags/dbt_workflow_dag.py took 0.077 seconds
[2025-09-09T12:58:49.933+0000] {processor.py:157} INFO - Started process (PID=802) to work on /opt/airflow/dags/dbt_workflow_dag.py
[2025-09-09T12:58:49.934+0000] {processor.py:829} INFO - Processing file /opt/airflow/dags/dbt_workflow_dag.py for tasks to queue
[2025-09-09T12:58:49.934+0000] {logging_mixin.py:151} INFO - [2025-09-09T12:58:49.934+0000] {dagbag.py:539} INFO - Filling up the DagBag from /opt/airflow/dags/dbt_workflow_dag.py
[2025-09-09T12:58:49.950+0000] {processor.py:839} INFO - DAG(s) dict_keys(['dbt_pipeline']) retrieved from /opt/airflow/dags/dbt_workflow_dag.py
[2025-09-09T12:58:49.970+0000] {logging_mixin.py:151} INFO - [2025-09-09T12:58:49.970+0000] {dag.py:2915} INFO - Sync 1 DAGs
[2025-09-09T12:58:50.093+0000] {logging_mixin.py:151} INFO - [2025-09-09T12:58:50.093+0000] {dag.py:3696} INFO - Setting next_dagrun for dbt_pipeline to 2025-09-09T00:00:00+00:00, run_after=2025-09-10T00:00:00+00:00
[2025-09-09T12:58:50.100+0000] {processor.py:179} INFO - Processing /opt/airflow/dags/dbt_workflow_dag.py took 0.170 seconds
[2025-09-09T12:59:19.924+0000] {processor.py:157} INFO - Started process (PID=236) to work on /opt/airflow/dags/dbt_workflow_dag.py
[2025-09-09T12:59:19.927+0000] {processor.py:829} INFO - Processing file /opt/airflow/dags/dbt_workflow_dag.py for tasks to queue
[2025-09-09T12:59:19.931+0000] {logging_mixin.py:151} INFO - [2025-09-09T12:59:19.928+0000] {dagbag.py:539} INFO - Filling up the DagBag from /opt/airflow/dags/dbt_workflow_dag.py
[2025-09-09T12:59:19.957+0000] {processor.py:839} INFO - DAG(s) dict_keys(['dbt_pipeline']) retrieved from /opt/airflow/dags/dbt_workflow_dag.py
[2025-09-09T12:59:19.984+0000] {logging_mixin.py:151} INFO - [2025-09-09T12:59:19.984+0000] {dag.py:2915} INFO - Sync 1 DAGs
[2025-09-09T12:59:19.998+0000] {logging_mixin.py:151} INFO - [2025-09-09T12:59:19.998+0000] {dag.py:3696} INFO - Setting next_dagrun for dbt_pipeline to 2025-09-09T00:00:00+00:00, run_after=2025-09-10T00:00:00+00:00
[2025-09-09T12:59:20.017+0000] {processor.py:179} INFO - Processing /opt/airflow/dags/dbt_workflow_dag.py took 0.100 seconds
[2025-09-09T12:59:20.343+0000] {processor.py:157} INFO - Started process (PID=807) to work on /opt/airflow/dags/dbt_workflow_dag.py
[2025-09-09T12:59:20.344+0000] {processor.py:829} INFO - Processing file /opt/airflow/dags/dbt_workflow_dag.py for tasks to queue
[2025-09-09T12:59:20.344+0000] {logging_mixin.py:151} INFO - [2025-09-09T12:59:20.344+0000] {dagbag.py:539} INFO - Filling up the DagBag from /opt/airflow/dags/dbt_workflow_dag.py
[2025-09-09T12:59:20.361+0000] {processor.py:839} INFO - DAG(s) dict_keys(['dbt_pipeline']) retrieved from /opt/airflow/dags/dbt_workflow_dag.py
[2025-09-09T12:59:20.503+0000] {logging_mixin.py:151} INFO - [2025-09-09T12:59:20.503+0000] {dag.py:2915} INFO - Sync 1 DAGs
[2025-09-09T12:59:20.513+0000] {logging_mixin.py:151} INFO - [2025-09-09T12:59:20.513+0000] {dag.py:3696} INFO - Setting next_dagrun for dbt_pipeline to 2025-09-09T00:00:00+00:00, run_after=2025-09-10T00:00:00+00:00
[2025-09-09T12:59:20.520+0000] {processor.py:179} INFO - Processing /opt/airflow/dags/dbt_workflow_dag.py took 0.180 seconds
[2025-09-09T12:59:50.345+0000] {processor.py:157} INFO - Started process (PID=241) to work on /opt/airflow/dags/dbt_workflow_dag.py
[2025-09-09T12:59:50.346+0000] {processor.py:829} INFO - Processing file /opt/airflow/dags/dbt_workflow_dag.py for tasks to queue
[2025-09-09T12:59:50.347+0000] {logging_mixin.py:151} INFO - [2025-09-09T12:59:50.347+0000] {dagbag.py:539} INFO - Filling up the DagBag from /opt/airflow/dags/dbt_workflow_dag.py
[2025-09-09T12:59:50.374+0000] {processor.py:839} INFO - DAG(s) dict_keys(['dbt_pipeline']) retrieved from /opt/airflow/dags/dbt_workflow_dag.py
[2025-09-09T12:59:50.407+0000] {logging_mixin.py:151} INFO - [2025-09-09T12:59:50.407+0000] {dag.py:2915} INFO - Sync 1 DAGs
[2025-09-09T12:59:50.427+0000] {logging_mixin.py:151} INFO - [2025-09-09T12:59:50.427+0000] {dag.py:3696} INFO - Setting next_dagrun for dbt_pipeline to 2025-09-09T00:00:00+00:00, run_after=2025-09-10T00:00:00+00:00
[2025-09-09T12:59:50.438+0000] {processor.py:179} INFO - Processing /opt/airflow/dags/dbt_workflow_dag.py took 0.098 seconds
[2025-09-09T12:59:50.608+0000] {processor.py:157} INFO - Started process (PID=812) to work on /opt/airflow/dags/dbt_workflow_dag.py
[2025-09-09T12:59:50.608+0000] {processor.py:829} INFO - Processing file /opt/airflow/dags/dbt_workflow_dag.py for tasks to queue
[2025-09-09T12:59:50.611+0000] {logging_mixin.py:151} INFO - [2025-09-09T12:59:50.609+0000] {dagbag.py:539} INFO - Filling up the DagBag from /opt/airflow/dags/dbt_workflow_dag.py
[2025-09-09T12:59:50.792+0000] {processor.py:839} INFO - DAG(s) dict_keys(['dbt_pipeline']) retrieved from /opt/airflow/dags/dbt_workflow_dag.py
[2025-09-09T12:59:50.813+0000] {logging_mixin.py:151} INFO - [2025-09-09T12:59:50.812+0000] {dag.py:2915} INFO - Sync 1 DAGs
[2025-09-09T12:59:50.824+0000] {logging_mixin.py:151} INFO - [2025-09-09T12:59:50.823+0000] {dag.py:3696} INFO - Setting next_dagrun for dbt_pipeline to 2025-09-09T00:00:00+00:00, run_after=2025-09-10T00:00:00+00:00
[2025-09-09T12:59:50.832+0000] {processor.py:179} INFO - Processing /opt/airflow/dags/dbt_workflow_dag.py took 0.227 seconds
[2025-09-09T13:00:20.721+0000] {processor.py:157} INFO - Started process (PID=246) to work on /opt/airflow/dags/dbt_workflow_dag.py
[2025-09-09T13:00:20.723+0000] {processor.py:829} INFO - Processing file /opt/airflow/dags/dbt_workflow_dag.py for tasks to queue
[2025-09-09T13:00:20.724+0000] {logging_mixin.py:151} INFO - [2025-09-09T13:00:20.723+0000] {dagbag.py:539} INFO - Filling up the DagBag from /opt/airflow/dags/dbt_workflow_dag.py
[2025-09-09T13:00:20.746+0000] {processor.py:839} INFO - DAG(s) dict_keys(['dbt_pipeline']) retrieved from /opt/airflow/dags/dbt_workflow_dag.py
[2025-09-09T13:00:20.788+0000] {logging_mixin.py:151} INFO - [2025-09-09T13:00:20.788+0000] {dag.py:2915} INFO - Sync 1 DAGs
[2025-09-09T13:00:20.803+0000] {logging_mixin.py:151} INFO - [2025-09-09T13:00:20.803+0000] {dag.py:3696} INFO - Setting next_dagrun for dbt_pipeline to 2025-09-09T00:00:00+00:00, run_after=2025-09-10T00:00:00+00:00
[2025-09-09T13:00:20.812+0000] {processor.py:179} INFO - Processing /opt/airflow/dags/dbt_workflow_dag.py took 0.097 seconds
[2025-09-09T13:00:21.379+0000] {processor.py:157} INFO - Started process (PID=817) to work on /opt/airflow/dags/dbt_workflow_dag.py
[2025-09-09T13:00:21.380+0000] {processor.py:829} INFO - Processing file /opt/airflow/dags/dbt_workflow_dag.py for tasks to queue
[2025-09-09T13:00:21.382+0000] {logging_mixin.py:151} INFO - [2025-09-09T13:00:21.380+0000] {dagbag.py:539} INFO - Filling up the DagBag from /opt/airflow/dags/dbt_workflow_dag.py
[2025-09-09T13:00:21.397+0000] {processor.py:839} INFO - DAG(s) dict_keys(['dbt_pipeline']) retrieved from /opt/airflow/dags/dbt_workflow_dag.py
[2025-09-09T13:00:21.416+0000] {logging_mixin.py:151} INFO - [2025-09-09T13:00:21.416+0000] {dag.py:2915} INFO - Sync 1 DAGs
[2025-09-09T13:00:21.432+0000] {logging_mixin.py:151} INFO - [2025-09-09T13:00:21.432+0000] {dag.py:3696} INFO - Setting next_dagrun for dbt_pipeline to 2025-09-09T00:00:00+00:00, run_after=2025-09-10T00:00:00+00:00
[2025-09-09T13:00:21.440+0000] {processor.py:179} INFO - Processing /opt/airflow/dags/dbt_workflow_dag.py took 0.064 seconds
[2025-09-09T13:00:51.067+0000] {processor.py:157} INFO - Started process (PID=251) to work on /opt/airflow/dags/dbt_workflow_dag.py
[2025-09-09T13:00:51.068+0000] {processor.py:829} INFO - Processing file /opt/airflow/dags/dbt_workflow_dag.py for tasks to queue
[2025-09-09T13:00:51.069+0000] {logging_mixin.py:151} INFO - [2025-09-09T13:00:51.069+0000] {dagbag.py:539} INFO - Filling up the DagBag from /opt/airflow/dags/dbt_workflow_dag.py
[2025-09-09T13:00:51.089+0000] {processor.py:839} INFO - DAG(s) dict_keys(['dbt_pipeline']) retrieved from /opt/airflow/dags/dbt_workflow_dag.py
[2025-09-09T13:00:51.117+0000] {logging_mixin.py:151} INFO - [2025-09-09T13:00:51.117+0000] {dag.py:2915} INFO - Sync 1 DAGs
[2025-09-09T13:00:51.132+0000] {logging_mixin.py:151} INFO - [2025-09-09T13:00:51.132+0000] {dag.py:3696} INFO - Setting next_dagrun for dbt_pipeline to 2025-09-09T00:00:00+00:00, run_after=2025-09-10T00:00:00+00:00
[2025-09-09T13:00:51.140+0000] {processor.py:179} INFO - Processing /opt/airflow/dags/dbt_workflow_dag.py took 0.080 seconds
[2025-09-09T13:00:51.805+0000] {processor.py:157} INFO - Started process (PID=822) to work on /opt/airflow/dags/dbt_workflow_dag.py
[2025-09-09T13:00:51.806+0000] {processor.py:829} INFO - Processing file /opt/airflow/dags/dbt_workflow_dag.py for tasks to queue
[2025-09-09T13:00:51.807+0000] {logging_mixin.py:151} INFO - [2025-09-09T13:00:51.807+0000] {dagbag.py:539} INFO - Filling up the DagBag from /opt/airflow/dags/dbt_workflow_dag.py
[2025-09-09T13:00:51.834+0000] {processor.py:839} INFO - DAG(s) dict_keys(['dbt_pipeline']) retrieved from /opt/airflow/dags/dbt_workflow_dag.py
[2025-09-09T13:00:51.860+0000] {logging_mixin.py:151} INFO - [2025-09-09T13:00:51.860+0000] {dag.py:2915} INFO - Sync 1 DAGs
[2025-09-09T13:00:51.876+0000] {logging_mixin.py:151} INFO - [2025-09-09T13:00:51.876+0000] {dag.py:3696} INFO - Setting next_dagrun for dbt_pipeline to 2025-09-09T00:00:00+00:00, run_after=2025-09-10T00:00:00+00:00
[2025-09-09T13:00:51.884+0000] {processor.py:179} INFO - Processing /opt/airflow/dags/dbt_workflow_dag.py took 0.085 seconds
[2025-09-09T13:01:21.431+0000] {processor.py:157} INFO - Started process (PID=259) to work on /opt/airflow/dags/dbt_workflow_dag.py
[2025-09-09T13:01:21.433+0000] {processor.py:829} INFO - Processing file /opt/airflow/dags/dbt_workflow_dag.py for tasks to queue
[2025-09-09T13:01:21.438+0000] {logging_mixin.py:151} INFO - [2025-09-09T13:01:21.436+0000] {dagbag.py:539} INFO - Filling up the DagBag from /opt/airflow/dags/dbt_workflow_dag.py
[2025-09-09T13:01:21.460+0000] {processor.py:839} INFO - DAG(s) dict_keys(['dbt_pipeline']) retrieved from /opt/airflow/dags/dbt_workflow_dag.py
[2025-09-09T13:01:21.488+0000] {logging_mixin.py:151} INFO - [2025-09-09T13:01:21.488+0000] {dag.py:2915} INFO - Sync 1 DAGs
[2025-09-09T13:01:21.500+0000] {logging_mixin.py:151} INFO - [2025-09-09T13:01:21.500+0000] {dag.py:3696} INFO - Setting next_dagrun for dbt_pipeline to 2025-09-09T00:00:00+00:00, run_after=2025-09-10T00:00:00+00:00
[2025-09-09T13:01:21.510+0000] {processor.py:179} INFO - Processing /opt/airflow/dags/dbt_workflow_dag.py took 0.084 seconds
[2025-09-09T13:01:22.200+0000] {processor.py:157} INFO - Started process (PID=827) to work on /opt/airflow/dags/dbt_workflow_dag.py
[2025-09-09T13:01:22.200+0000] {processor.py:829} INFO - Processing file /opt/airflow/dags/dbt_workflow_dag.py for tasks to queue
[2025-09-09T13:01:22.202+0000] {logging_mixin.py:151} INFO - [2025-09-09T13:01:22.201+0000] {dagbag.py:539} INFO - Filling up the DagBag from /opt/airflow/dags/dbt_workflow_dag.py
[2025-09-09T13:01:22.229+0000] {processor.py:839} INFO - DAG(s) dict_keys(['dbt_pipeline']) retrieved from /opt/airflow/dags/dbt_workflow_dag.py
[2025-09-09T13:01:22.257+0000] {logging_mixin.py:151} INFO - [2025-09-09T13:01:22.257+0000] {dag.py:2915} INFO - Sync 1 DAGs
[2025-09-09T13:01:22.270+0000] {logging_mixin.py:151} INFO - [2025-09-09T13:01:22.270+0000] {dag.py:3696} INFO - Setting next_dagrun for dbt_pipeline to 2025-09-09T00:00:00+00:00, run_after=2025-09-10T00:00:00+00:00
[2025-09-09T13:01:22.279+0000] {processor.py:179} INFO - Processing /opt/airflow/dags/dbt_workflow_dag.py took 0.084 seconds
[2025-09-09T13:01:51.755+0000] {processor.py:157} INFO - Started process (PID=264) to work on /opt/airflow/dags/dbt_workflow_dag.py
[2025-09-09T13:01:51.756+0000] {processor.py:829} INFO - Processing file /opt/airflow/dags/dbt_workflow_dag.py for tasks to queue
[2025-09-09T13:01:51.757+0000] {logging_mixin.py:151} INFO - [2025-09-09T13:01:51.757+0000] {dagbag.py:539} INFO - Filling up the DagBag from /opt/airflow/dags/dbt_workflow_dag.py
[2025-09-09T13:01:51.772+0000] {processor.py:839} INFO - DAG(s) dict_keys(['dbt_pipeline']) retrieved from /opt/airflow/dags/dbt_workflow_dag.py
[2025-09-09T13:01:51.798+0000] {logging_mixin.py:151} INFO - [2025-09-09T13:01:51.798+0000] {dag.py:2915} INFO - Sync 1 DAGs
[2025-09-09T13:01:51.814+0000] {logging_mixin.py:151} INFO - [2025-09-09T13:01:51.814+0000] {dag.py:3696} INFO - Setting next_dagrun for dbt_pipeline to 2025-09-09T00:00:00+00:00, run_after=2025-09-10T00:00:00+00:00
[2025-09-09T13:01:51.822+0000] {processor.py:179} INFO - Processing /opt/airflow/dags/dbt_workflow_dag.py took 0.072 seconds
[2025-09-09T13:01:52.591+0000] {processor.py:157} INFO - Started process (PID=832) to work on /opt/airflow/dags/dbt_workflow_dag.py
[2025-09-09T13:01:52.592+0000] {processor.py:829} INFO - Processing file /opt/airflow/dags/dbt_workflow_dag.py for tasks to queue
[2025-09-09T13:01:52.593+0000] {logging_mixin.py:151} INFO - [2025-09-09T13:01:52.593+0000] {dagbag.py:539} INFO - Filling up the DagBag from /opt/airflow/dags/dbt_workflow_dag.py
[2025-09-09T13:01:52.624+0000] {processor.py:839} INFO - DAG(s) dict_keys(['dbt_pipeline']) retrieved from /opt/airflow/dags/dbt_workflow_dag.py
[2025-09-09T13:01:52.646+0000] {logging_mixin.py:151} INFO - [2025-09-09T13:01:52.646+0000] {dag.py:2915} INFO - Sync 1 DAGs
[2025-09-09T13:01:52.658+0000] {logging_mixin.py:151} INFO - [2025-09-09T13:01:52.658+0000] {dag.py:3696} INFO - Setting next_dagrun for dbt_pipeline to 2025-09-09T00:00:00+00:00, run_after=2025-09-10T00:00:00+00:00
[2025-09-09T13:01:52.666+0000] {processor.py:179} INFO - Processing /opt/airflow/dags/dbt_workflow_dag.py took 0.080 seconds
[2025-09-09T13:02:22.211+0000] {processor.py:157} INFO - Started process (PID=269) to work on /opt/airflow/dags/dbt_workflow_dag.py
[2025-09-09T13:02:22.213+0000] {processor.py:829} INFO - Processing file /opt/airflow/dags/dbt_workflow_dag.py for tasks to queue
[2025-09-09T13:02:22.214+0000] {logging_mixin.py:151} INFO - [2025-09-09T13:02:22.214+0000] {dagbag.py:539} INFO - Filling up the DagBag from /opt/airflow/dags/dbt_workflow_dag.py
[2025-09-09T13:02:22.245+0000] {processor.py:839} INFO - DAG(s) dict_keys(['dbt_pipeline']) retrieved from /opt/airflow/dags/dbt_workflow_dag.py
[2025-09-09T13:02:22.273+0000] {logging_mixin.py:151} INFO - [2025-09-09T13:02:22.272+0000] {dag.py:2915} INFO - Sync 1 DAGs
[2025-09-09T13:02:22.287+0000] {logging_mixin.py:151} INFO - [2025-09-09T13:02:22.287+0000] {dag.py:3696} INFO - Setting next_dagrun for dbt_pipeline to 2025-09-09T00:00:00+00:00, run_after=2025-09-10T00:00:00+00:00
[2025-09-09T13:02:22.298+0000] {processor.py:179} INFO - Processing /opt/airflow/dags/dbt_workflow_dag.py took 0.092 seconds
[2025-09-09T13:02:22.927+0000] {processor.py:157} INFO - Started process (PID=837) to work on /opt/airflow/dags/dbt_workflow_dag.py
[2025-09-09T13:02:22.928+0000] {processor.py:829} INFO - Processing file /opt/airflow/dags/dbt_workflow_dag.py for tasks to queue
[2025-09-09T13:02:22.929+0000] {logging_mixin.py:151} INFO - [2025-09-09T13:02:22.928+0000] {dagbag.py:539} INFO - Filling up the DagBag from /opt/airflow/dags/dbt_workflow_dag.py
[2025-09-09T13:02:22.943+0000] {processor.py:839} INFO - DAG(s) dict_keys(['dbt_pipeline']) retrieved from /opt/airflow/dags/dbt_workflow_dag.py
[2025-09-09T13:02:22.966+0000] {logging_mixin.py:151} INFO - [2025-09-09T13:02:22.966+0000] {dag.py:2915} INFO - Sync 1 DAGs
[2025-09-09T13:02:22.977+0000] {logging_mixin.py:151} INFO - [2025-09-09T13:02:22.977+0000] {dag.py:3696} INFO - Setting next_dagrun for dbt_pipeline to 2025-09-09T00:00:00+00:00, run_after=2025-09-10T00:00:00+00:00
[2025-09-09T13:02:22.985+0000] {processor.py:179} INFO - Processing /opt/airflow/dags/dbt_workflow_dag.py took 0.062 seconds
[2025-09-09T13:02:52.728+0000] {processor.py:157} INFO - Started process (PID=274) to work on /opt/airflow/dags/dbt_workflow_dag.py
[2025-09-09T13:02:52.730+0000] {processor.py:829} INFO - Processing file /opt/airflow/dags/dbt_workflow_dag.py for tasks to queue
[2025-09-09T13:02:52.731+0000] {logging_mixin.py:151} INFO - [2025-09-09T13:02:52.730+0000] {dagbag.py:539} INFO - Filling up the DagBag from /opt/airflow/dags/dbt_workflow_dag.py
[2025-09-09T13:02:52.757+0000] {processor.py:839} INFO - DAG(s) dict_keys(['dbt_pipeline']) retrieved from /opt/airflow/dags/dbt_workflow_dag.py
[2025-09-09T13:02:52.786+0000] {logging_mixin.py:151} INFO - [2025-09-09T13:02:52.786+0000] {dag.py:2915} INFO - Sync 1 DAGs
[2025-09-09T13:02:52.800+0000] {logging_mixin.py:151} INFO - [2025-09-09T13:02:52.800+0000] {dag.py:3696} INFO - Setting next_dagrun for dbt_pipeline to 2025-09-09T00:00:00+00:00, run_after=2025-09-10T00:00:00+00:00
[2025-09-09T13:02:52.814+0000] {processor.py:179} INFO - Processing /opt/airflow/dags/dbt_workflow_dag.py took 0.092 seconds
[2025-09-09T13:02:53.324+0000] {processor.py:157} INFO - Started process (PID=842) to work on /opt/airflow/dags/dbt_workflow_dag.py
[2025-09-09T13:02:53.325+0000] {processor.py:829} INFO - Processing file /opt/airflow/dags/dbt_workflow_dag.py for tasks to queue
[2025-09-09T13:02:53.325+0000] {logging_mixin.py:151} INFO - [2025-09-09T13:02:53.325+0000] {dagbag.py:539} INFO - Filling up the DagBag from /opt/airflow/dags/dbt_workflow_dag.py
[2025-09-09T13:02:53.342+0000] {processor.py:839} INFO - DAG(s) dict_keys(['dbt_pipeline']) retrieved from /opt/airflow/dags/dbt_workflow_dag.py
[2025-09-09T13:02:53.362+0000] {logging_mixin.py:151} INFO - [2025-09-09T13:02:53.362+0000] {dag.py:2915} INFO - Sync 1 DAGs
[2025-09-09T13:02:53.377+0000] {logging_mixin.py:151} INFO - [2025-09-09T13:02:53.377+0000] {dag.py:3696} INFO - Setting next_dagrun for dbt_pipeline to 2025-09-09T00:00:00+00:00, run_after=2025-09-10T00:00:00+00:00
[2025-09-09T13:02:53.385+0000] {processor.py:179} INFO - Processing /opt/airflow/dags/dbt_workflow_dag.py took 0.065 seconds
[2025-09-09T13:03:23.180+0000] {processor.py:157} INFO - Started process (PID=279) to work on /opt/airflow/dags/dbt_workflow_dag.py
[2025-09-09T13:03:23.183+0000] {processor.py:829} INFO - Processing file /opt/airflow/dags/dbt_workflow_dag.py for tasks to queue
[2025-09-09T13:03:23.184+0000] {logging_mixin.py:151} INFO - [2025-09-09T13:03:23.184+0000] {dagbag.py:539} INFO - Filling up the DagBag from /opt/airflow/dags/dbt_workflow_dag.py
[2025-09-09T13:03:23.204+0000] {processor.py:839} INFO - DAG(s) dict_keys(['dbt_pipeline']) retrieved from /opt/airflow/dags/dbt_workflow_dag.py
[2025-09-09T13:03:23.240+0000] {logging_mixin.py:151} INFO - [2025-09-09T13:03:23.240+0000] {dag.py:2915} INFO - Sync 1 DAGs
[2025-09-09T13:03:23.259+0000] {logging_mixin.py:151} INFO - [2025-09-09T13:03:23.259+0000] {dag.py:3696} INFO - Setting next_dagrun for dbt_pipeline to 2025-09-09T00:00:00+00:00, run_after=2025-09-10T00:00:00+00:00
[2025-09-09T13:03:23.268+0000] {processor.py:179} INFO - Processing /opt/airflow/dags/dbt_workflow_dag.py took 0.097 seconds
[2025-09-09T13:03:23.691+0000] {processor.py:157} INFO - Started process (PID=847) to work on /opt/airflow/dags/dbt_workflow_dag.py
[2025-09-09T13:03:23.691+0000] {processor.py:829} INFO - Processing file /opt/airflow/dags/dbt_workflow_dag.py for tasks to queue
[2025-09-09T13:03:23.692+0000] {logging_mixin.py:151} INFO - [2025-09-09T13:03:23.692+0000] {dagbag.py:539} INFO - Filling up the DagBag from /opt/airflow/dags/dbt_workflow_dag.py
[2025-09-09T13:03:23.710+0000] {processor.py:839} INFO - DAG(s) dict_keys(['dbt_pipeline']) retrieved from /opt/airflow/dags/dbt_workflow_dag.py
[2025-09-09T13:03:23.733+0000] {logging_mixin.py:151} INFO - [2025-09-09T13:03:23.733+0000] {dag.py:2915} INFO - Sync 1 DAGs
[2025-09-09T13:03:23.752+0000] {logging_mixin.py:151} INFO - [2025-09-09T13:03:23.752+0000] {dag.py:3696} INFO - Setting next_dagrun for dbt_pipeline to 2025-09-09T00:00:00+00:00, run_after=2025-09-10T00:00:00+00:00
[2025-09-09T13:03:23.761+0000] {processor.py:179} INFO - Processing /opt/airflow/dags/dbt_workflow_dag.py took 0.074 seconds
[2025-09-09T13:03:53.641+0000] {processor.py:157} INFO - Started process (PID=284) to work on /opt/airflow/dags/dbt_workflow_dag.py
[2025-09-09T13:03:53.642+0000] {processor.py:829} INFO - Processing file /opt/airflow/dags/dbt_workflow_dag.py for tasks to queue
[2025-09-09T13:03:53.643+0000] {logging_mixin.py:151} INFO - [2025-09-09T13:03:53.643+0000] {dagbag.py:539} INFO - Filling up the DagBag from /opt/airflow/dags/dbt_workflow_dag.py
[2025-09-09T13:03:53.666+0000] {processor.py:839} INFO - DAG(s) dict_keys(['dbt_pipeline']) retrieved from /opt/airflow/dags/dbt_workflow_dag.py
[2025-09-09T13:03:53.695+0000] {logging_mixin.py:151} INFO - [2025-09-09T13:03:53.695+0000] {dag.py:2915} INFO - Sync 1 DAGs
[2025-09-09T13:03:53.708+0000] {logging_mixin.py:151} INFO - [2025-09-09T13:03:53.708+0000] {dag.py:3696} INFO - Setting next_dagrun for dbt_pipeline to 2025-09-09T00:00:00+00:00, run_after=2025-09-10T00:00:00+00:00
[2025-09-09T13:03:53.717+0000] {processor.py:179} INFO - Processing /opt/airflow/dags/dbt_workflow_dag.py took 0.081 seconds
[2025-09-09T13:03:54.084+0000] {processor.py:157} INFO - Started process (PID=852) to work on /opt/airflow/dags/dbt_workflow_dag.py
[2025-09-09T13:03:54.085+0000] {processor.py:829} INFO - Processing file /opt/airflow/dags/dbt_workflow_dag.py for tasks to queue
[2025-09-09T13:03:54.086+0000] {logging_mixin.py:151} INFO - [2025-09-09T13:03:54.086+0000] {dagbag.py:539} INFO - Filling up the DagBag from /opt/airflow/dags/dbt_workflow_dag.py
[2025-09-09T13:03:54.113+0000] {processor.py:839} INFO - DAG(s) dict_keys(['dbt_pipeline']) retrieved from /opt/airflow/dags/dbt_workflow_dag.py
[2025-09-09T13:03:54.133+0000] {logging_mixin.py:151} INFO - [2025-09-09T13:03:54.133+0000] {dag.py:2915} INFO - Sync 1 DAGs
[2025-09-09T13:03:54.146+0000] {logging_mixin.py:151} INFO - [2025-09-09T13:03:54.146+0000] {dag.py:3696} INFO - Setting next_dagrun for dbt_pipeline to 2025-09-09T00:00:00+00:00, run_after=2025-09-10T00:00:00+00:00
[2025-09-09T13:03:54.153+0000] {processor.py:179} INFO - Processing /opt/airflow/dags/dbt_workflow_dag.py took 0.074 seconds
[2025-09-09T13:04:23.958+0000] {processor.py:157} INFO - Started process (PID=289) to work on /opt/airflow/dags/dbt_workflow_dag.py
[2025-09-09T13:04:23.959+0000] {processor.py:829} INFO - Processing file /opt/airflow/dags/dbt_workflow_dag.py for tasks to queue
[2025-09-09T13:04:23.961+0000] {logging_mixin.py:151} INFO - [2025-09-09T13:04:23.960+0000] {dagbag.py:539} INFO - Filling up the DagBag from /opt/airflow/dags/dbt_workflow_dag.py
[2025-09-09T13:04:23.985+0000] {processor.py:839} INFO - DAG(s) dict_keys(['dbt_pipeline']) retrieved from /opt/airflow/dags/dbt_workflow_dag.py
[2025-09-09T13:04:24.012+0000] {logging_mixin.py:151} INFO - [2025-09-09T13:04:24.012+0000] {dag.py:2915} INFO - Sync 1 DAGs
[2025-09-09T13:04:24.026+0000] {logging_mixin.py:151} INFO - [2025-09-09T13:04:24.026+0000] {dag.py:3696} INFO - Setting next_dagrun for dbt_pipeline to 2025-09-09T00:00:00+00:00, run_after=2025-09-10T00:00:00+00:00
[2025-09-09T13:04:24.034+0000] {processor.py:179} INFO - Processing /opt/airflow/dags/dbt_workflow_dag.py took 0.081 seconds
[2025-09-09T13:04:24.503+0000] {processor.py:157} INFO - Started process (PID=857) to work on /opt/airflow/dags/dbt_workflow_dag.py
[2025-09-09T13:04:24.503+0000] {processor.py:829} INFO - Processing file /opt/airflow/dags/dbt_workflow_dag.py for tasks to queue
[2025-09-09T13:04:24.504+0000] {logging_mixin.py:151} INFO - [2025-09-09T13:04:24.503+0000] {dagbag.py:539} INFO - Filling up the DagBag from /opt/airflow/dags/dbt_workflow_dag.py
[2025-09-09T13:04:24.520+0000] {processor.py:839} INFO - DAG(s) dict_keys(['dbt_pipeline']) retrieved from /opt/airflow/dags/dbt_workflow_dag.py
[2025-09-09T13:04:24.539+0000] {logging_mixin.py:151} INFO - [2025-09-09T13:04:24.538+0000] {dag.py:2915} INFO - Sync 1 DAGs
[2025-09-09T13:04:24.556+0000] {logging_mixin.py:151} INFO - [2025-09-09T13:04:24.555+0000] {dag.py:3696} INFO - Setting next_dagrun for dbt_pipeline to 2025-09-09T00:00:00+00:00, run_after=2025-09-10T00:00:00+00:00
[2025-09-09T13:04:24.563+0000] {processor.py:179} INFO - Processing /opt/airflow/dags/dbt_workflow_dag.py took 0.063 seconds
[2025-09-09T13:04:54.256+0000] {processor.py:157} INFO - Started process (PID=294) to work on /opt/airflow/dags/dbt_workflow_dag.py
[2025-09-09T13:04:54.258+0000] {processor.py:829} INFO - Processing file /opt/airflow/dags/dbt_workflow_dag.py for tasks to queue
[2025-09-09T13:04:54.259+0000] {logging_mixin.py:151} INFO - [2025-09-09T13:04:54.259+0000] {dagbag.py:539} INFO - Filling up the DagBag from /opt/airflow/dags/dbt_workflow_dag.py
[2025-09-09T13:04:54.281+0000] {processor.py:839} INFO - DAG(s) dict_keys(['dbt_pipeline']) retrieved from /opt/airflow/dags/dbt_workflow_dag.py
[2025-09-09T13:04:54.309+0000] {logging_mixin.py:151} INFO - [2025-09-09T13:04:54.308+0000] {dag.py:2915} INFO - Sync 1 DAGs
[2025-09-09T13:04:54.323+0000] {logging_mixin.py:151} INFO - [2025-09-09T13:04:54.322+0000] {dag.py:3696} INFO - Setting next_dagrun for dbt_pipeline to 2025-09-09T00:00:00+00:00, run_after=2025-09-10T00:00:00+00:00
[2025-09-09T13:04:54.331+0000] {processor.py:179} INFO - Processing /opt/airflow/dags/dbt_workflow_dag.py took 0.084 seconds
[2025-09-09T13:04:54.909+0000] {processor.py:157} INFO - Started process (PID=862) to work on /opt/airflow/dags/dbt_workflow_dag.py
[2025-09-09T13:04:54.910+0000] {processor.py:829} INFO - Processing file /opt/airflow/dags/dbt_workflow_dag.py for tasks to queue
[2025-09-09T13:04:54.911+0000] {logging_mixin.py:151} INFO - [2025-09-09T13:04:54.911+0000] {dagbag.py:539} INFO - Filling up the DagBag from /opt/airflow/dags/dbt_workflow_dag.py
[2025-09-09T13:04:54.931+0000] {processor.py:839} INFO - DAG(s) dict_keys(['dbt_pipeline']) retrieved from /opt/airflow/dags/dbt_workflow_dag.py
[2025-09-09T13:04:54.952+0000] {logging_mixin.py:151} INFO - [2025-09-09T13:04:54.952+0000] {dag.py:2915} INFO - Sync 1 DAGs
[2025-09-09T13:04:54.967+0000] {logging_mixin.py:151} INFO - [2025-09-09T13:04:54.967+0000] {dag.py:3696} INFO - Setting next_dagrun for dbt_pipeline to 2025-09-09T00:00:00+00:00, run_after=2025-09-10T00:00:00+00:00
[2025-09-09T13:04:54.976+0000] {processor.py:179} INFO - Processing /opt/airflow/dags/dbt_workflow_dag.py took 0.070 seconds
[2025-09-09T13:05:24.704+0000] {processor.py:157} INFO - Started process (PID=299) to work on /opt/airflow/dags/dbt_workflow_dag.py
[2025-09-09T13:05:24.705+0000] {processor.py:829} INFO - Processing file /opt/airflow/dags/dbt_workflow_dag.py for tasks to queue
[2025-09-09T13:05:24.706+0000] {logging_mixin.py:151} INFO - [2025-09-09T13:05:24.706+0000] {dagbag.py:539} INFO - Filling up the DagBag from /opt/airflow/dags/dbt_workflow_dag.py
[2025-09-09T13:05:24.733+0000] {processor.py:839} INFO - DAG(s) dict_keys(['dbt_pipeline']) retrieved from /opt/airflow/dags/dbt_workflow_dag.py
[2025-09-09T13:05:24.765+0000] {logging_mixin.py:151} INFO - [2025-09-09T13:05:24.765+0000] {dag.py:2915} INFO - Sync 1 DAGs
[2025-09-09T13:05:24.782+0000] {logging_mixin.py:151} INFO - [2025-09-09T13:05:24.781+0000] {dag.py:3696} INFO - Setting next_dagrun for dbt_pipeline to 2025-09-09T00:00:00+00:00, run_after=2025-09-10T00:00:00+00:00
[2025-09-09T13:05:24.790+0000] {processor.py:179} INFO - Processing /opt/airflow/dags/dbt_workflow_dag.py took 0.092 seconds
[2025-09-09T13:05:25.376+0000] {processor.py:157} INFO - Started process (PID=867) to work on /opt/airflow/dags/dbt_workflow_dag.py
[2025-09-09T13:05:25.377+0000] {processor.py:829} INFO - Processing file /opt/airflow/dags/dbt_workflow_dag.py for tasks to queue
[2025-09-09T13:05:25.379+0000] {logging_mixin.py:151} INFO - [2025-09-09T13:05:25.378+0000] {dagbag.py:539} INFO - Filling up the DagBag from /opt/airflow/dags/dbt_workflow_dag.py
[2025-09-09T13:05:25.400+0000] {processor.py:839} INFO - DAG(s) dict_keys(['dbt_pipeline']) retrieved from /opt/airflow/dags/dbt_workflow_dag.py
[2025-09-09T13:05:25.421+0000] {logging_mixin.py:151} INFO - [2025-09-09T13:05:25.421+0000] {dag.py:2915} INFO - Sync 1 DAGs
[2025-09-09T13:05:25.435+0000] {logging_mixin.py:151} INFO - [2025-09-09T13:05:25.435+0000] {dag.py:3696} INFO - Setting next_dagrun for dbt_pipeline to 2025-09-09T00:00:00+00:00, run_after=2025-09-10T00:00:00+00:00
[2025-09-09T13:05:25.443+0000] {processor.py:179} INFO - Processing /opt/airflow/dags/dbt_workflow_dag.py took 0.070 seconds
[2025-09-09T13:05:55.089+0000] {processor.py:157} INFO - Started process (PID=304) to work on /opt/airflow/dags/dbt_workflow_dag.py
[2025-09-09T13:05:55.091+0000] {processor.py:829} INFO - Processing file /opt/airflow/dags/dbt_workflow_dag.py for tasks to queue
[2025-09-09T13:05:55.092+0000] {logging_mixin.py:151} INFO - [2025-09-09T13:05:55.092+0000] {dagbag.py:539} INFO - Filling up the DagBag from /opt/airflow/dags/dbt_workflow_dag.py
[2025-09-09T13:05:55.122+0000] {processor.py:839} INFO - DAG(s) dict_keys(['dbt_pipeline']) retrieved from /opt/airflow/dags/dbt_workflow_dag.py
[2025-09-09T13:05:55.150+0000] {logging_mixin.py:151} INFO - [2025-09-09T13:05:55.149+0000] {dag.py:2915} INFO - Sync 1 DAGs
[2025-09-09T13:05:55.163+0000] {logging_mixin.py:151} INFO - [2025-09-09T13:05:55.163+0000] {dag.py:3696} INFO - Setting next_dagrun for dbt_pipeline to 2025-09-09T00:00:00+00:00, run_after=2025-09-10T00:00:00+00:00
[2025-09-09T13:05:55.172+0000] {processor.py:179} INFO - Processing /opt/airflow/dags/dbt_workflow_dag.py took 0.090 seconds
[2025-09-09T13:05:55.742+0000] {processor.py:157} INFO - Started process (PID=872) to work on /opt/airflow/dags/dbt_workflow_dag.py
[2025-09-09T13:05:55.743+0000] {processor.py:829} INFO - Processing file /opt/airflow/dags/dbt_workflow_dag.py for tasks to queue
[2025-09-09T13:05:55.743+0000] {logging_mixin.py:151} INFO - [2025-09-09T13:05:55.743+0000] {dagbag.py:539} INFO - Filling up the DagBag from /opt/airflow/dags/dbt_workflow_dag.py
[2025-09-09T13:05:55.765+0000] {processor.py:839} INFO - DAG(s) dict_keys(['dbt_pipeline']) retrieved from /opt/airflow/dags/dbt_workflow_dag.py
[2025-09-09T13:05:55.785+0000] {logging_mixin.py:151} INFO - [2025-09-09T13:05:55.785+0000] {dag.py:2915} INFO - Sync 1 DAGs
[2025-09-09T13:05:55.801+0000] {logging_mixin.py:151} INFO - [2025-09-09T13:05:55.801+0000] {dag.py:3696} INFO - Setting next_dagrun for dbt_pipeline to 2025-09-09T00:00:00+00:00, run_after=2025-09-10T00:00:00+00:00
[2025-09-09T13:05:55.810+0000] {processor.py:179} INFO - Processing /opt/airflow/dags/dbt_workflow_dag.py took 0.071 seconds
[2025-09-09T13:06:25.525+0000] {processor.py:157} INFO - Started process (PID=309) to work on /opt/airflow/dags/dbt_workflow_dag.py
[2025-09-09T13:06:25.527+0000] {processor.py:829} INFO - Processing file /opt/airflow/dags/dbt_workflow_dag.py for tasks to queue
[2025-09-09T13:06:25.528+0000] {logging_mixin.py:151} INFO - [2025-09-09T13:06:25.527+0000] {dagbag.py:539} INFO - Filling up the DagBag from /opt/airflow/dags/dbt_workflow_dag.py
[2025-09-09T13:06:25.546+0000] {processor.py:839} INFO - DAG(s) dict_keys(['dbt_pipeline']) retrieved from /opt/airflow/dags/dbt_workflow_dag.py
[2025-09-09T13:06:25.576+0000] {logging_mixin.py:151} INFO - [2025-09-09T13:06:25.576+0000] {dag.py:2915} INFO - Sync 1 DAGs
[2025-09-09T13:06:25.589+0000] {logging_mixin.py:151} INFO - [2025-09-09T13:06:25.589+0000] {dag.py:3696} INFO - Setting next_dagrun for dbt_pipeline to 2025-09-09T00:00:00+00:00, run_after=2025-09-10T00:00:00+00:00
[2025-09-09T13:06:25.601+0000] {processor.py:179} INFO - Processing /opt/airflow/dags/dbt_workflow_dag.py took 0.081 seconds
[2025-09-09T13:06:26.099+0000] {processor.py:157} INFO - Started process (PID=877) to work on /opt/airflow/dags/dbt_workflow_dag.py
[2025-09-09T13:06:26.100+0000] {processor.py:829} INFO - Processing file /opt/airflow/dags/dbt_workflow_dag.py for tasks to queue
[2025-09-09T13:06:26.100+0000] {logging_mixin.py:151} INFO - [2025-09-09T13:06:26.100+0000] {dagbag.py:539} INFO - Filling up the DagBag from /opt/airflow/dags/dbt_workflow_dag.py
[2025-09-09T13:06:26.115+0000] {processor.py:839} INFO - DAG(s) dict_keys(['dbt_pipeline']) retrieved from /opt/airflow/dags/dbt_workflow_dag.py
[2025-09-09T13:06:26.143+0000] {logging_mixin.py:151} INFO - [2025-09-09T13:06:26.143+0000] {dag.py:2915} INFO - Sync 1 DAGs
[2025-09-09T13:06:26.161+0000] {logging_mixin.py:151} INFO - [2025-09-09T13:06:26.161+0000] {dag.py:3696} INFO - Setting next_dagrun for dbt_pipeline to 2025-09-09T00:00:00+00:00, run_after=2025-09-10T00:00:00+00:00
[2025-09-09T13:06:26.172+0000] {processor.py:179} INFO - Processing /opt/airflow/dags/dbt_workflow_dag.py took 0.075 seconds
[2025-09-09T13:06:55.928+0000] {processor.py:157} INFO - Started process (PID=314) to work on /opt/airflow/dags/dbt_workflow_dag.py
[2025-09-09T13:06:55.929+0000] {processor.py:829} INFO - Processing file /opt/airflow/dags/dbt_workflow_dag.py for tasks to queue
[2025-09-09T13:06:55.930+0000] {logging_mixin.py:151} INFO - [2025-09-09T13:06:55.930+0000] {dagbag.py:539} INFO - Filling up the DagBag from /opt/airflow/dags/dbt_workflow_dag.py
[2025-09-09T13:06:55.955+0000] {processor.py:839} INFO - DAG(s) dict_keys(['dbt_pipeline']) retrieved from /opt/airflow/dags/dbt_workflow_dag.py
[2025-09-09T13:06:55.989+0000] {logging_mixin.py:151} INFO - [2025-09-09T13:06:55.989+0000] {dag.py:2915} INFO - Sync 1 DAGs
[2025-09-09T13:06:56.009+0000] {logging_mixin.py:151} INFO - [2025-09-09T13:06:56.009+0000] {dag.py:3696} INFO - Setting next_dagrun for dbt_pipeline to 2025-09-09T00:00:00+00:00, run_after=2025-09-10T00:00:00+00:00
[2025-09-09T13:06:56.026+0000] {processor.py:179} INFO - Processing /opt/airflow/dags/dbt_workflow_dag.py took 0.110 seconds
[2025-09-09T13:06:56.551+0000] {processor.py:157} INFO - Started process (PID=882) to work on /opt/airflow/dags/dbt_workflow_dag.py
[2025-09-09T13:06:56.552+0000] {processor.py:829} INFO - Processing file /opt/airflow/dags/dbt_workflow_dag.py for tasks to queue
[2025-09-09T13:06:56.553+0000] {logging_mixin.py:151} INFO - [2025-09-09T13:06:56.552+0000] {dagbag.py:539} INFO - Filling up the DagBag from /opt/airflow/dags/dbt_workflow_dag.py
[2025-09-09T13:06:56.579+0000] {processor.py:839} INFO - DAG(s) dict_keys(['dbt_pipeline']) retrieved from /opt/airflow/dags/dbt_workflow_dag.py
[2025-09-09T13:06:56.620+0000] {logging_mixin.py:151} INFO - [2025-09-09T13:06:56.620+0000] {dag.py:2915} INFO - Sync 1 DAGs
[2025-09-09T13:06:56.635+0000] {logging_mixin.py:151} INFO - [2025-09-09T13:06:56.635+0000] {dag.py:3696} INFO - Setting next_dagrun for dbt_pipeline to 2025-09-09T00:00:00+00:00, run_after=2025-09-10T00:00:00+00:00
[2025-09-09T13:06:56.644+0000] {processor.py:179} INFO - Processing /opt/airflow/dags/dbt_workflow_dag.py took 0.099 seconds
[2025-09-09T13:07:26.479+0000] {processor.py:157} INFO - Started process (PID=319) to work on /opt/airflow/dags/dbt_workflow_dag.py
[2025-09-09T13:07:26.483+0000] {processor.py:829} INFO - Processing file /opt/airflow/dags/dbt_workflow_dag.py for tasks to queue
[2025-09-09T13:07:26.484+0000] {logging_mixin.py:151} INFO - [2025-09-09T13:07:26.483+0000] {dagbag.py:539} INFO - Filling up the DagBag from /opt/airflow/dags/dbt_workflow_dag.py
[2025-09-09T13:07:26.510+0000] {processor.py:839} INFO - DAG(s) dict_keys(['dbt_pipeline']) retrieved from /opt/airflow/dags/dbt_workflow_dag.py
[2025-09-09T13:07:26.535+0000] {logging_mixin.py:151} INFO - [2025-09-09T13:07:26.535+0000] {dag.py:2915} INFO - Sync 1 DAGs
[2025-09-09T13:07:26.552+0000] {logging_mixin.py:151} INFO - [2025-09-09T13:07:26.552+0000] {dag.py:3696} INFO - Setting next_dagrun for dbt_pipeline to 2025-09-09T00:00:00+00:00, run_after=2025-09-10T00:00:00+00:00
[2025-09-09T13:07:26.560+0000] {processor.py:179} INFO - Processing /opt/airflow/dags/dbt_workflow_dag.py took 0.087 seconds
[2025-09-09T13:07:26.985+0000] {processor.py:157} INFO - Started process (PID=887) to work on /opt/airflow/dags/dbt_workflow_dag.py
[2025-09-09T13:07:26.986+0000] {processor.py:829} INFO - Processing file /opt/airflow/dags/dbt_workflow_dag.py for tasks to queue
[2025-09-09T13:07:26.992+0000] {logging_mixin.py:151} INFO - [2025-09-09T13:07:26.991+0000] {dagbag.py:539} INFO - Filling up the DagBag from /opt/airflow/dags/dbt_workflow_dag.py
[2025-09-09T13:07:27.012+0000] {processor.py:839} INFO - DAG(s) dict_keys(['dbt_pipeline']) retrieved from /opt/airflow/dags/dbt_workflow_dag.py
[2025-09-09T13:07:27.036+0000] {logging_mixin.py:151} INFO - [2025-09-09T13:07:27.036+0000] {dag.py:2915} INFO - Sync 1 DAGs
[2025-09-09T13:07:27.049+0000] {logging_mixin.py:151} INFO - [2025-09-09T13:07:27.049+0000] {dag.py:3696} INFO - Setting next_dagrun for dbt_pipeline to 2025-09-09T00:00:00+00:00, run_after=2025-09-10T00:00:00+00:00
[2025-09-09T13:07:27.057+0000] {processor.py:179} INFO - Processing /opt/airflow/dags/dbt_workflow_dag.py took 0.077 seconds
[2025-09-09T13:07:56.935+0000] {processor.py:157} INFO - Started process (PID=324) to work on /opt/airflow/dags/dbt_workflow_dag.py
[2025-09-09T13:07:56.939+0000] {processor.py:829} INFO - Processing file /opt/airflow/dags/dbt_workflow_dag.py for tasks to queue
[2025-09-09T13:07:56.940+0000] {logging_mixin.py:151} INFO - [2025-09-09T13:07:56.939+0000] {dagbag.py:539} INFO - Filling up the DagBag from /opt/airflow/dags/dbt_workflow_dag.py
[2025-09-09T13:07:56.980+0000] {processor.py:839} INFO - DAG(s) dict_keys(['dbt_pipeline']) retrieved from /opt/airflow/dags/dbt_workflow_dag.py
[2025-09-09T13:07:57.020+0000] {logging_mixin.py:151} INFO - [2025-09-09T13:07:57.020+0000] {dag.py:2915} INFO - Sync 1 DAGs
[2025-09-09T13:07:57.038+0000] {logging_mixin.py:151} INFO - [2025-09-09T13:07:57.038+0000] {dag.py:3696} INFO - Setting next_dagrun for dbt_pipeline to 2025-09-09T00:00:00+00:00, run_after=2025-09-10T00:00:00+00:00
[2025-09-09T13:07:57.047+0000] {processor.py:179} INFO - Processing /opt/airflow/dags/dbt_workflow_dag.py took 0.125 seconds
[2025-09-09T13:07:57.393+0000] {processor.py:157} INFO - Started process (PID=892) to work on /opt/airflow/dags/dbt_workflow_dag.py
[2025-09-09T13:07:57.394+0000] {processor.py:829} INFO - Processing file /opt/airflow/dags/dbt_workflow_dag.py for tasks to queue
[2025-09-09T13:07:57.395+0000] {logging_mixin.py:151} INFO - [2025-09-09T13:07:57.395+0000] {dagbag.py:539} INFO - Filling up the DagBag from /opt/airflow/dags/dbt_workflow_dag.py
[2025-09-09T13:07:57.421+0000] {processor.py:839} INFO - DAG(s) dict_keys(['dbt_pipeline']) retrieved from /opt/airflow/dags/dbt_workflow_dag.py
[2025-09-09T13:07:57.447+0000] {logging_mixin.py:151} INFO - [2025-09-09T13:07:57.447+0000] {dag.py:2915} INFO - Sync 1 DAGs
[2025-09-09T13:07:57.463+0000] {logging_mixin.py:151} INFO - [2025-09-09T13:07:57.463+0000] {dag.py:3696} INFO - Setting next_dagrun for dbt_pipeline to 2025-09-09T00:00:00+00:00, run_after=2025-09-10T00:00:00+00:00
[2025-09-09T13:07:57.471+0000] {processor.py:179} INFO - Processing /opt/airflow/dags/dbt_workflow_dag.py took 0.082 seconds
[2025-09-09T13:08:27.232+0000] {processor.py:157} INFO - Started process (PID=329) to work on /opt/airflow/dags/dbt_workflow_dag.py
[2025-09-09T13:08:27.234+0000] {processor.py:829} INFO - Processing file /opt/airflow/dags/dbt_workflow_dag.py for tasks to queue
[2025-09-09T13:08:27.235+0000] {logging_mixin.py:151} INFO - [2025-09-09T13:08:27.235+0000] {dagbag.py:539} INFO - Filling up the DagBag from /opt/airflow/dags/dbt_workflow_dag.py
[2025-09-09T13:08:27.255+0000] {processor.py:839} INFO - DAG(s) dict_keys(['dbt_pipeline']) retrieved from /opt/airflow/dags/dbt_workflow_dag.py
[2025-09-09T13:08:27.305+0000] {logging_mixin.py:151} INFO - [2025-09-09T13:08:27.304+0000] {dag.py:2915} INFO - Sync 1 DAGs
[2025-09-09T13:08:27.327+0000] {logging_mixin.py:151} INFO - [2025-09-09T13:08:27.327+0000] {dag.py:3696} INFO - Setting next_dagrun for dbt_pipeline to 2025-09-09T00:00:00+00:00, run_after=2025-09-10T00:00:00+00:00
[2025-09-09T13:08:27.348+0000] {processor.py:179} INFO - Processing /opt/airflow/dags/dbt_workflow_dag.py took 0.121 seconds
[2025-09-09T13:08:27.903+0000] {processor.py:157} INFO - Started process (PID=897) to work on /opt/airflow/dags/dbt_workflow_dag.py
[2025-09-09T13:08:27.904+0000] {processor.py:829} INFO - Processing file /opt/airflow/dags/dbt_workflow_dag.py for tasks to queue
[2025-09-09T13:08:27.905+0000] {logging_mixin.py:151} INFO - [2025-09-09T13:08:27.905+0000] {dagbag.py:539} INFO - Filling up the DagBag from /opt/airflow/dags/dbt_workflow_dag.py
[2025-09-09T13:08:27.929+0000] {processor.py:839} INFO - DAG(s) dict_keys(['dbt_pipeline']) retrieved from /opt/airflow/dags/dbt_workflow_dag.py
[2025-09-09T13:08:27.961+0000] {logging_mixin.py:151} INFO - [2025-09-09T13:08:27.960+0000] {dag.py:2915} INFO - Sync 1 DAGs
[2025-09-09T13:08:27.974+0000] {logging_mixin.py:151} INFO - [2025-09-09T13:08:27.974+0000] {dag.py:3696} INFO - Setting next_dagrun for dbt_pipeline to 2025-09-09T00:00:00+00:00, run_after=2025-09-10T00:00:00+00:00
[2025-09-09T13:08:27.983+0000] {processor.py:179} INFO - Processing /opt/airflow/dags/dbt_workflow_dag.py took 0.083 seconds
[2025-09-09T13:08:57.824+0000] {processor.py:157} INFO - Started process (PID=334) to work on /opt/airflow/dags/dbt_workflow_dag.py
[2025-09-09T13:08:57.826+0000] {processor.py:829} INFO - Processing file /opt/airflow/dags/dbt_workflow_dag.py for tasks to queue
[2025-09-09T13:08:57.828+0000] {logging_mixin.py:151} INFO - [2025-09-09T13:08:57.827+0000] {dagbag.py:539} INFO - Filling up the DagBag from /opt/airflow/dags/dbt_workflow_dag.py
[2025-09-09T13:08:57.856+0000] {processor.py:839} INFO - DAG(s) dict_keys(['dbt_pipeline']) retrieved from /opt/airflow/dags/dbt_workflow_dag.py
[2025-09-09T13:08:57.884+0000] {logging_mixin.py:151} INFO - [2025-09-09T13:08:57.884+0000] {dag.py:2915} INFO - Sync 1 DAGs
[2025-09-09T13:08:57.898+0000] {logging_mixin.py:151} INFO - [2025-09-09T13:08:57.898+0000] {dag.py:3696} INFO - Setting next_dagrun for dbt_pipeline to 2025-09-09T00:00:00+00:00, run_after=2025-09-10T00:00:00+00:00
[2025-09-09T13:08:57.906+0000] {processor.py:179} INFO - Processing /opt/airflow/dags/dbt_workflow_dag.py took 0.091 seconds
[2025-09-09T13:08:58.304+0000] {processor.py:157} INFO - Started process (PID=902) to work on /opt/airflow/dags/dbt_workflow_dag.py
[2025-09-09T13:08:58.305+0000] {processor.py:829} INFO - Processing file /opt/airflow/dags/dbt_workflow_dag.py for tasks to queue
[2025-09-09T13:08:58.308+0000] {logging_mixin.py:151} INFO - [2025-09-09T13:08:58.307+0000] {dagbag.py:539} INFO - Filling up the DagBag from /opt/airflow/dags/dbt_workflow_dag.py
[2025-09-09T13:08:58.328+0000] {processor.py:839} INFO - DAG(s) dict_keys(['dbt_pipeline']) retrieved from /opt/airflow/dags/dbt_workflow_dag.py
[2025-09-09T13:08:58.351+0000] {logging_mixin.py:151} INFO - [2025-09-09T13:08:58.351+0000] {dag.py:2915} INFO - Sync 1 DAGs
[2025-09-09T13:08:58.363+0000] {logging_mixin.py:151} INFO - [2025-09-09T13:08:58.363+0000] {dag.py:3696} INFO - Setting next_dagrun for dbt_pipeline to 2025-09-09T00:00:00+00:00, run_after=2025-09-10T00:00:00+00:00
[2025-09-09T13:08:58.376+0000] {processor.py:179} INFO - Processing /opt/airflow/dags/dbt_workflow_dag.py took 0.076 seconds
[2025-09-09T13:09:28.297+0000] {processor.py:157} INFO - Started process (PID=339) to work on /opt/airflow/dags/dbt_workflow_dag.py
[2025-09-09T13:09:28.307+0000] {processor.py:829} INFO - Processing file /opt/airflow/dags/dbt_workflow_dag.py for tasks to queue
[2025-09-09T13:09:28.309+0000] {logging_mixin.py:151} INFO - [2025-09-09T13:09:28.308+0000] {dagbag.py:539} INFO - Filling up the DagBag from /opt/airflow/dags/dbt_workflow_dag.py
[2025-09-09T13:09:28.334+0000] {processor.py:839} INFO - DAG(s) dict_keys(['dbt_pipeline']) retrieved from /opt/airflow/dags/dbt_workflow_dag.py
[2025-09-09T13:09:28.374+0000] {logging_mixin.py:151} INFO - [2025-09-09T13:09:28.374+0000] {dag.py:2915} INFO - Sync 1 DAGs
[2025-09-09T13:09:28.388+0000] {logging_mixin.py:151} INFO - [2025-09-09T13:09:28.388+0000] {dag.py:3696} INFO - Setting next_dagrun for dbt_pipeline to 2025-09-09T00:00:00+00:00, run_after=2025-09-10T00:00:00+00:00
[2025-09-09T13:09:28.398+0000] {processor.py:179} INFO - Processing /opt/airflow/dags/dbt_workflow_dag.py took 0.107 seconds
[2025-09-09T13:09:28.787+0000] {processor.py:157} INFO - Started process (PID=907) to work on /opt/airflow/dags/dbt_workflow_dag.py
[2025-09-09T13:09:28.788+0000] {processor.py:829} INFO - Processing file /opt/airflow/dags/dbt_workflow_dag.py for tasks to queue
[2025-09-09T13:09:28.789+0000] {logging_mixin.py:151} INFO - [2025-09-09T13:09:28.789+0000] {dagbag.py:539} INFO - Filling up the DagBag from /opt/airflow/dags/dbt_workflow_dag.py
[2025-09-09T13:09:28.810+0000] {processor.py:839} INFO - DAG(s) dict_keys(['dbt_pipeline']) retrieved from /opt/airflow/dags/dbt_workflow_dag.py
[2025-09-09T13:09:28.831+0000] {logging_mixin.py:151} INFO - [2025-09-09T13:09:28.831+0000] {dag.py:2915} INFO - Sync 1 DAGs
[2025-09-09T13:09:28.847+0000] {logging_mixin.py:151} INFO - [2025-09-09T13:09:28.847+0000] {dag.py:3696} INFO - Setting next_dagrun for dbt_pipeline to 2025-09-09T00:00:00+00:00, run_after=2025-09-10T00:00:00+00:00
[2025-09-09T13:09:28.857+0000] {processor.py:179} INFO - Processing /opt/airflow/dags/dbt_workflow_dag.py took 0.079 seconds
[2025-09-09T13:09:58.707+0000] {processor.py:157} INFO - Started process (PID=344) to work on /opt/airflow/dags/dbt_workflow_dag.py
[2025-09-09T13:09:58.712+0000] {processor.py:829} INFO - Processing file /opt/airflow/dags/dbt_workflow_dag.py for tasks to queue
[2025-09-09T13:09:58.713+0000] {logging_mixin.py:151} INFO - [2025-09-09T13:09:58.713+0000] {dagbag.py:539} INFO - Filling up the DagBag from /opt/airflow/dags/dbt_workflow_dag.py
[2025-09-09T13:09:58.737+0000] {processor.py:839} INFO - DAG(s) dict_keys(['dbt_pipeline']) retrieved from /opt/airflow/dags/dbt_workflow_dag.py
[2025-09-09T13:09:58.767+0000] {logging_mixin.py:151} INFO - [2025-09-09T13:09:58.767+0000] {dag.py:2915} INFO - Sync 1 DAGs
[2025-09-09T13:09:58.786+0000] {logging_mixin.py:151} INFO - [2025-09-09T13:09:58.786+0000] {dag.py:3696} INFO - Setting next_dagrun for dbt_pipeline to 2025-09-09T00:00:00+00:00, run_after=2025-09-10T00:00:00+00:00
[2025-09-09T13:09:58.796+0000] {processor.py:179} INFO - Processing /opt/airflow/dags/dbt_workflow_dag.py took 0.093 seconds
[2025-09-09T13:09:59.147+0000] {processor.py:157} INFO - Started process (PID=912) to work on /opt/airflow/dags/dbt_workflow_dag.py
[2025-09-09T13:09:59.147+0000] {processor.py:829} INFO - Processing file /opt/airflow/dags/dbt_workflow_dag.py for tasks to queue
[2025-09-09T13:09:59.148+0000] {logging_mixin.py:151} INFO - [2025-09-09T13:09:59.148+0000] {dagbag.py:539} INFO - Filling up the DagBag from /opt/airflow/dags/dbt_workflow_dag.py
[2025-09-09T13:09:59.167+0000] {processor.py:839} INFO - DAG(s) dict_keys(['dbt_pipeline']) retrieved from /opt/airflow/dags/dbt_workflow_dag.py
[2025-09-09T13:09:59.191+0000] {logging_mixin.py:151} INFO - [2025-09-09T13:09:59.191+0000] {dag.py:2915} INFO - Sync 1 DAGs
[2025-09-09T13:09:59.212+0000] {logging_mixin.py:151} INFO - [2025-09-09T13:09:59.212+0000] {dag.py:3696} INFO - Setting next_dagrun for dbt_pipeline to 2025-09-09T00:00:00+00:00, run_after=2025-09-10T00:00:00+00:00
[2025-09-09T13:09:59.224+0000] {processor.py:179} INFO - Processing /opt/airflow/dags/dbt_workflow_dag.py took 0.081 seconds
[2025-09-09T13:10:29.249+0000] {processor.py:157} INFO - Started process (PID=349) to work on /opt/airflow/dags/dbt_workflow_dag.py
[2025-09-09T13:10:29.250+0000] {processor.py:829} INFO - Processing file /opt/airflow/dags/dbt_workflow_dag.py for tasks to queue
[2025-09-09T13:10:29.251+0000] {logging_mixin.py:151} INFO - [2025-09-09T13:10:29.251+0000] {dagbag.py:539} INFO - Filling up the DagBag from /opt/airflow/dags/dbt_workflow_dag.py
[2025-09-09T13:10:29.278+0000] {processor.py:839} INFO - DAG(s) dict_keys(['dbt_pipeline']) retrieved from /opt/airflow/dags/dbt_workflow_dag.py
[2025-09-09T13:10:29.310+0000] {logging_mixin.py:151} INFO - [2025-09-09T13:10:29.310+0000] {dag.py:2915} INFO - Sync 1 DAGs
[2025-09-09T13:10:29.325+0000] {logging_mixin.py:151} INFO - [2025-09-09T13:10:29.325+0000] {dag.py:3696} INFO - Setting next_dagrun for dbt_pipeline to 2025-09-09T00:00:00+00:00, run_after=2025-09-10T00:00:00+00:00
[2025-09-09T13:10:29.337+0000] {processor.py:179} INFO - Processing /opt/airflow/dags/dbt_workflow_dag.py took 0.093 seconds
[2025-09-09T13:10:29.694+0000] {processor.py:157} INFO - Started process (PID=917) to work on /opt/airflow/dags/dbt_workflow_dag.py
[2025-09-09T13:10:29.695+0000] {processor.py:829} INFO - Processing file /opt/airflow/dags/dbt_workflow_dag.py for tasks to queue
[2025-09-09T13:10:29.696+0000] {logging_mixin.py:151} INFO - [2025-09-09T13:10:29.695+0000] {dagbag.py:539} INFO - Filling up the DagBag from /opt/airflow/dags/dbt_workflow_dag.py
[2025-09-09T13:10:29.716+0000] {processor.py:839} INFO - DAG(s) dict_keys(['dbt_pipeline']) retrieved from /opt/airflow/dags/dbt_workflow_dag.py
[2025-09-09T13:10:29.739+0000] {logging_mixin.py:151} INFO - [2025-09-09T13:10:29.738+0000] {dag.py:2915} INFO - Sync 1 DAGs
[2025-09-09T13:10:29.751+0000] {logging_mixin.py:151} INFO - [2025-09-09T13:10:29.751+0000] {dag.py:3696} INFO - Setting next_dagrun for dbt_pipeline to 2025-09-09T00:00:00+00:00, run_after=2025-09-10T00:00:00+00:00
[2025-09-09T13:10:29.760+0000] {processor.py:179} INFO - Processing /opt/airflow/dags/dbt_workflow_dag.py took 0.071 seconds
